"C:/Users/Tmax/Documents/Unreal Projects/TwinStickShooter/TwinStickShooter.uproject" 1
"../../../Engine/Plugins/2D/Paper2D/Paper2D.uplugin" 2
"../../../Engine/Plugins/Developer/BlankPlugin/BlankPlugin.uplugin" 3
"../../../Engine/Plugins/Developer/GitSourceControl/GitSourceControl.uplugin" 4
"../../../Engine/Plugins/Developer/KDevelopSourceCodeAccess/KDevelopSourceCodeAccess.uplugin" 5
"../../../Engine/Plugins/Developer/NullSourceCodeAccess/NullSourceCodeAccess.uplugin" 6
"../../../Engine/Plugins/Developer/PerforceSourceControl/PerforceSourceControl.uplugin" 7
"../../../Engine/Plugins/Developer/SubversionSourceControl/SubversionSourceControl.uplugin" 8
"../../../Engine/Plugins/Developer/UObjectPlugin/UObjectPlugin.uplugin" 9
"../../../Engine/Plugins/Developer/VisualStudioSourceCodeAccess/VisualStudioSourceCodeAccess.uplugin" 10
"../../../Engine/Plugins/Developer/XCodeSourceCodeAccess/XCodeSourceCodeAccess.uplugin" 11
"../../../Engine/Plugins/Editor/EpicSurvey/EpicSurvey.uplugin" 12
"../../../Engine/Plugins/Editor/MacGraphicsSwitching/MacGraphicsSwitching.uplugin" 13
"../../../Engine/Plugins/Editor/PluginBrowser/PluginBrowser.uplugin" 14
"../../../Engine/Plugins/Editor/PluginCreator/PluginCreator.uplugin" 15
"../../../Engine/Plugins/Editor/SpeedTreeImporter/SpeedTreeImporter.uplugin" 16
"../../../Engine/Plugins/Experimental/BlueprintStats/BlueprintStats.uplugin" 17
"../../../Engine/Plugins/Experimental/CharacterAI/CharacterAI.uplugin" 18
"../../../Engine/Plugins/Experimental/CodeEditor/CodeEditor.uplugin" 19
"../../../Engine/Plugins/Experimental/CodeView/CodeView.uplugin" 20
"../../../Engine/Plugins/Experimental/HTML5Networking/HTML5Networking.uplugin" 21
"../../../Engine/Plugins/Experimental/LiveEditor/LiveEditor.uplugin" 22
"../../../Engine/Plugins/Experimental/Phya/Phya.uplugin" 23
"../../../Engine/Plugins/Experimental/SimpleHMD/SimpleHMD.uplugin" 24
"../../../Engine/Plugins/Experimental/StructBox/StructBox.uplugin" 25
"../../../Engine/Plugins/Media/AndroidMedia/AndroidMedia.uplugin" 26
"../../../Engine/Plugins/Media/AvfMedia/AvfMedia.uplugin" 27
"../../../Engine/Plugins/Media/MediaPlayerEditor/MediaPlayerEditor.uplugin" 28
"../../../Engine/Plugins/Media/WmfMedia/WmfMedia.uplugin" 29
"../../../Engine/Plugins/Messaging/MessagingDebugger/MessagingDebugger.uplugin" 30
"../../../Engine/Plugins/Messaging/UdpMessaging/UdpMessaging.uplugin" 31
"../../../Engine/Plugins/NetcodeUnitTest/NetcodeUnitTest/NetcodeUnitTest.uplugin" 32
"../../../Engine/Plugins/NetcodeUnitTest/NUTUnrealEngine4/NUTUnrealEngine4.uplugin" 33
"../../../Engine/Plugins/Runtime/Advertising/IOSTapJoy/IOSTapJoy.uplugin" 34
"../../../Engine/Plugins/Runtime/Analytics/AnalyticsBlueprintLibrary/AnalyticsBlueprintLibrary.uplugin" 35
"../../../Engine/Plugins/Runtime/Analytics/AnalyticsMulticast/AnalyticsMulticast.uplugin" 36
"../../../Engine/Plugins/Runtime/Analytics/Apsalar/IOSApsalar/IOSApsalar.uplugin" 37
"../../../Engine/Plugins/Runtime/Analytics/FileLogging/FileLogging.uplugin" 38
"../../../Engine/Plugins/Runtime/Analytics/Flurry/IOSFlurry/IOSFlurry.uplugin" 39
"../../../Engine/Plugins/Runtime/AndroidDeviceProfileSelector/AndroidDeviceProfileSelector.uplugin" 40
"../../../Engine/Plugins/Runtime/AndroidMoviePlayer/AndroidMoviePlayer.uplugin" 41
"../../../Engine/Plugins/Runtime/AppleMoviePlayer/AppleMoviePlayer.uplugin" 42
"../../../Engine/Plugins/Runtime/CableComponent/CableComponent.uplugin" 43
"../../../Engine/Plugins/Runtime/CustomMeshComponent/CustomMeshComponent.uplugin" 44
"../../../Engine/Plugins/Runtime/ExampleDeviceProfileSelector/ExampleDeviceProfileSelector.uplugin" 45
"../../../Engine/Plugins/Runtime/GearVR/GearVR.uplugin" 46
"../../../Engine/Plugins/Runtime/IOSDeviceProfileSelector/IOSDeviceProfileSelector.uplugin" 47
"../../../Engine/Plugins/Runtime/LeapMotionController/LeapMotionController.uplugin" 48
"../../../Engine/Plugins/Runtime/LiveEditorListenServer/LiveEditorListenServer.uplugin" 49
"../../../Engine/Plugins/Runtime/OculusAudio/OculusAudio.uplugin" 50
"../../../Engine/Plugins/Runtime/OculusRift/OculusRift.uplugin" 51
"../../../Engine/Plugins/Runtime/ProceduralMeshComponent/ProceduralMeshComponent.uplugin" 52
"../../../Engine/Plugins/Runtime/SoundMod/SoundMod.uplugin" 53
"../../../Engine/Plugins/Runtime/SoundVisualizations/SoundVisualizations.uplugin" 54
"../../../Engine/Plugins/Runtime/Steam/SteamController/SteamController.uplugin" 55
"../../../Engine/Plugins/Runtime/Steam/SteamVR/SteamVR.uplugin" 56
"../../../Engine/Plugins/Runtime/WebBrowserWidget/WebBrowserWidget.uplugin" 57
"../../../Engine/Plugins/Runtime/WindowsDeviceProfileSelector/WindowsDeviceProfileSelector.uplugin" 58
"../../../Engine/Plugins/Runtime/WindowsMoviePlayer/WindowsMoviePlayer.uplugin" 59
"../../../Engine/Plugins/ScriptGeneratorPlugin/ScriptGeneratorPlugin.uplugin" 60
"../../../Engine/Plugins/ScriptPlugin/ScriptPlugin.uplugin" 61
"../../../Engine/Plugins/Slate/SlateRemote/SlateRemote.uplugin" 62
"..\..\..\Engine\Content\Internationalization\icudt53l\cnvalias.icu" 63
"..\..\..\Engine\Content\Internationalization\icudt53l\en_US_POSIX.res" 64
"..\..\..\Engine\Content\Internationalization\icudt53l\pool.res" 65
"..\..\..\Engine\Content\Internationalization\icudt53l\en_US.res" 66
"..\..\..\Engine\Content\Internationalization\icudt53l\en.res" 67
"..\..\..\Engine\Content\Internationalization\icudt53l\root.res" 68
"..\..\..\Engine\Content\Internationalization\icudt53l\ko_KR.res" 69
"..\..\..\Engine\Content\Internationalization\icudt53l\ko.res" 70
"C:/Users/Tmax/AppData/Local/UnrealEngine/4.8/Saved/Config/Windows/Manifest.ini" 71
"../../../Engine/Config/Base.ini" 72
"../../../Engine/Config/BaseEngine.ini" 73
"C:/Users/Tmax/Documents/Unreal Projects/TwinStickShooter/Config/DefaultEngine.ini" 74
"../../../Engine/Config/Windows/WindowsEngine.ini" 75
"C:/Users/Tmax/Documents/Unreal Projects/TwinStickShooter/Saved/Config/Windows/Engine.ini" 76
"C:/Users/Tmax/Documents/Unreal Projects/TwinStickShooter/Intermediate/Config/CoalescedSourceConfigs/Engine.ini" 77
"../../../Engine/Config/BaseGame.ini" 78
"C:/Users/Tmax/Documents/Unreal Projects/TwinStickShooter/Config/DefaultGame.ini" 79
"C:/Users/Tmax/Documents/Unreal Projects/TwinStickShooter/Saved/Config/Windows/Game.ini" 80
"C:/Users/Tmax/Documents/Unreal Projects/TwinStickShooter/Intermediate/Config/CoalescedSourceConfigs/Game.ini" 81
"../../../Engine/Config/BaseInput.ini" 82
"C:/Users/Tmax/Documents/Unreal Projects/TwinStickShooter/Config/DefaultInput.ini" 83
"C:/Users/Tmax/Documents/Unreal Projects/TwinStickShooter/Saved/Config/Windows/Input.ini" 84
"C:/Users/Tmax/Documents/Unreal Projects/TwinStickShooter/Intermediate/Config/CoalescedSourceConfigs/Input.ini" 85
"../../../Engine/Config/BaseEditor.ini" 86
"C:/Users/Tmax/Documents/Unreal Projects/TwinStickShooter/Config/DefaultEditor.ini" 87
"C:/Users/Tmax/Documents/Unreal Projects/TwinStickShooter/Saved/Config/Windows/Editor.ini" 88
"C:/Users/Tmax/Documents/Unreal Projects/TwinStickShooter/Intermediate/Config/CoalescedSourceConfigs/Editor.ini" 89
"../../../Engine/Config/BaseEditorPerProjectUserSettings.ini" 90
"C:/Users/Tmax/Documents/Unreal Projects/TwinStickShooter/Saved/Config/Windows/EditorPerProjectUserSettings.ini" 91
"C:/Users/Tmax/Documents/Unreal Projects/TwinStickShooter/Intermediate/Config/CoalescedSourceConfigs/EditorPerProjectUserSettings.ini" 92
"../../../Engine/Config/BaseEditorSettings.ini" 93
"C:/Users/Tmax/AppData/Local/UnrealEngine/4.8/Saved/Config/Windows/EditorSettings.ini" 94
"C:/Users/Tmax/Documents/Unreal Projects/TwinStickShooter/Intermediate/Config/CoalescedSourceConfigs/EditorSettings.ini" 95
"../../../Engine/Config/BaseEditorLayout.ini" 96
"C:/Users/Tmax/AppData/Local/UnrealEngine/4.8/Saved/Config/Windows/EditorLayout.ini" 97
"C:/Users/Tmax/Documents/Unreal Projects/TwinStickShooter/Intermediate/Config/CoalescedSourceConfigs/EditorLayout.ini" 98
"../../../Engine/Config/BaseEditorKeyBindings.ini" 99
"C:/Users/Tmax/AppData/Local/UnrealEngine/4.8/Saved/Config/Windows/EditorKeyBindings.ini" 100
"C:/Users/Tmax/Documents/Unreal Projects/TwinStickShooter/Intermediate/Config/CoalescedSourceConfigs/EditorKeyBindings.ini" 101
"../../../Engine/Config/BaseCompat.ini" 102
"C:/Users/Tmax/Documents/Unreal Projects/TwinStickShooter/Saved/Config/Windows/Compat.ini" 103
"C:/Users/Tmax/Documents/Unreal Projects/TwinStickShooter/Intermediate/Config/CoalescedSourceConfigs/Compat.ini" 104
"../../../Engine/Config/BaseLightmass.ini" 105
"C:/Users/Tmax/Documents/Unreal Projects/TwinStickShooter/Saved/Config/Windows/Lightmass.ini" 106
"C:/Users/Tmax/Documents/Unreal Projects/TwinStickShooter/Intermediate/Config/CoalescedSourceConfigs/Lightmass.ini" 107
"../../../Engine/Config/BaseScalability.ini" 108
"C:/Users/Tmax/Documents/Unreal Projects/TwinStickShooter/Saved/Config/Windows/Scalability.ini" 109
"C:/Users/Tmax/Documents/Unreal Projects/TwinStickShooter/Intermediate/Config/CoalescedSourceConfigs/Scalability.ini" 110
"C:/Users/Tmax/Documents/Unreal Projects/TwinStickShooter/Saved/Config/Windows/GameUserSettings.ini" 111
"C:/Users/Tmax/Documents/Unreal Projects/TwinStickShooter/Intermediate/Config/CoalescedSourceConfigs/GameUserSettings.ini" 112
"../../../Engine/Config/BaseDeviceProfiles.ini" 113
"C:/Users/Tmax/Documents/Unreal Projects/TwinStickShooter/Saved/Config/Windows/DeviceProfiles.ini" 114
"C:/Users/Tmax/Documents/Unreal Projects/TwinStickShooter/Intermediate/Config/CoalescedSourceConfigs/DeviceProfiles.ini" 115
"../../../Engine/Config/ConsoleVariables.ini" 116
"..\..\..\Engine\Content\Internationalization\icudt53l\es.res" 117
"..\..\..\Engine\Content\Internationalization\icudt53l\ja.res" 118
"..\..\..\Engine\Content\Internationalization\icudt53l\pt_BR.res" 119
"..\..\..\Engine\Content\Internationalization\icudt53l\pt.res" 120
"..\..\..\Engine\Content\Internationalization\icudt53l\zh_CN.res" 121
"..\..\..\Engine\Content\Internationalization\icudt53l\zh_Hans_CN.res" 122
"..\..\..\Engine\Content\Internationalization\icudt53l\zh_Hans.res" 123
"..\..\..\Engine\Content\Internationalization\icudt53l\zh.res" 124
"D:/UE_4.8/Engine/Content/Localization/Editor/ko/Editor.locres" 125
"D:/UE_4.8/Engine/Content/Localization/EditorTutorials/ko/EditorTutorials.locres" 126
"D:/UE_4.8/Engine/Content/Localization/Keywords/ko/Keywords.locres" 127
"D:/UE_4.8/Engine/Content/Localization/ToolTips/ko/ToolTips.locres" 128
"D:/UE_4.8/Engine/Content/Localization/PropertyNames/ko/PropertyNames.locres" 129
"D:/UE_4.8/Engine/Content/Localization/Engine/ko/Engine.locres" 130
"../../../Engine/Content/Slate/Fonts/Roboto-Regular.ttf" 131
"../../../Engine/Content/Slate/Fonts/DroidSansMono.ttf" 132
"../../../Engine/Content/Slate/Fonts/Roboto-Bold.ttf" 133
"../../../Engine/Content/Slate/Fonts/Roboto-Light.ttf" 134
"D:/UE_4.8/Engine/Binaries/Win64/../../../Engine/Shaders/ParticleSpriteVertexFactory.usf" 135
"D:/UE_4.8/Engine/Binaries/Win64/../../../Engine/Shaders/VertexFactoryCommon.usf" 136
"D:/UE_4.8/Engine/Binaries/Win64/../../../Engine/Shaders/Common.usf" 137
"D:/UE_4.8/Engine/Binaries/Win64/../../../Engine/Shaders/MetalCommon.usf" 138
"D:/UE_4.8/Engine/Binaries/Win64/../../../Engine/Shaders/ShaderVersion.usf" 139
"D:/UE_4.8/Engine/Binaries/Win64/../../../Engine/Shaders/Definitions.usf" 140
"D:/UE_4.8/Engine/Binaries/Win64/../../../Engine/Shaders/Random.usf" 141
"D:/UE_4.8/Engine/Binaries/Win64/../../../Engine/Shaders/ParticleVertexFactoryCommon.usf" 142
"D:/UE_4.8/Engine/Binaries/Win64/../../../Engine/Shaders/ParticleGPUSpriteVertexFactory.usf" 143
"D:/UE_4.8/Engine/Binaries/Win64/../../../Engine/Shaders/ParticleBeamTrailVertexFactory.usf" 144
"D:/UE_4.8/Engine/Binaries/Win64/../../../Engine/Shaders/LocalVertexFactory.usf" 145
"D:/UE_4.8/Engine/Binaries/Win64/../../../Engine/Shaders/LocalVertexFactoryCommon.usf" 146
"D:/UE_4.8/Engine/Binaries/Win64/../../../Engine/Shaders/VectorFieldVisualizationVertexFactory.usf" 147
"D:/UE_4.8/Engine/Binaries/Win64/../../../Engine/Shaders/MeshParticleVertexFactory.usf" 148
"D:/UE_4.8/Engine/Binaries/Win64/../../../Engine/Shaders/GpuSkinVertexFactory.usf" 149
"D:/UE_4.8/Engine/Binaries/Win64/../../../Engine/Shaders/GpuSkinCacheCommon.usf" 150
"D:/UE_4.8/Engine/Binaries/Win64/../../../Engine/Shaders/LandscapeVertexFactory.usf" 151
"D:/UE_4.8/Engine/Binaries/Win64/../../../Engine/Shaders/SlateElementPixelShader.usf" 152
"D:/UE_4.8/Engine/Binaries/Win64/../../../Engine/Shaders/GammaCorrectionCommon.usf" 153
"D:/UE_4.8/Engine/Binaries/Win64/../../../Engine/Shaders/MaterialTemplate.usf" 154
"D:/UE_4.8/Engine/Binaries/Win64/../../../Engine/Shaders/DepthOfFieldCommon.usf" 155
"D:/UE_4.8/Engine/Binaries/Win64/../../../Engine/Shaders/SpeedTreeCommon.usf" 156
"D:/UE_4.8/Engine/Binaries/Win64/../../../Engine/Shaders/AtmosphereCommon.usf" 157
"D:/UE_4.8/Engine/Binaries/Win64/../../../Engine/Shaders/EyeAdaptationCommon.usf" 158
"D:/UE_4.8/Engine/Binaries/Win64/../../../Engine/Shaders/PostProcessCommon.usf" 159
"D:/UE_4.8/Engine/Binaries/Win64/../../../Engine/Shaders/DeferredShadingCommon.usf" 160
"D:/UE_4.8/Engine/Binaries/Win64/../../../Engine/Shaders/LightAccumulator.usf" 161
"D:/UE_4.8/Engine/Binaries/Win64/../../../Engine/Shaders/SlateVertexShader.usf" 162
"D:/UE_4.8/Engine/Binaries/Win64/../../../Engine/Shaders/ParticleSortKeyGen.usf" 163
"D:/UE_4.8/Engine/Binaries/Win64/../../../Engine/Shaders/ParticleBoundsShader.usf" 164
"D:/UE_4.8/Engine/Binaries/Win64/../../../Engine/Shaders/ParticleSimVisualizeShader.usf" 165
"D:/UE_4.8/Engine/Binaries/Win64/../../../Engine/Shaders/ParticleInjectionShader.usf" 166
"D:/UE_4.8/Engine/Binaries/Win64/../../../Engine/Shaders/ParticleSimulationShader.usf" 167
"D:/UE_4.8/Engine/Binaries/Win64/../../../Engine/Shaders/ParticleCurveInjectionShader.usf" 168
"D:/UE_4.8/Engine/Binaries/Win64/../../../Engine/Shaders/VectorFieldCompositeShaders.usf" 169
"D:/UE_4.8/Engine/Binaries/Win64/../../../Engine/Shaders/UpdateTextureShaders.usf" 170
"D:/UE_4.8/Engine/Binaries/Win64/../../../Engine/Shaders/SimpleElementColorChannelMaskPixelShader.usf" 171
"D:/UE_4.8/Engine/Binaries/Win64/../../../Engine/Shaders/SimpleElementHitProxyPixelShader.usf" 172
"D:/UE_4.8/Engine/Binaries/Win64/../../../Engine/Shaders/SimpleElementPixelShader.usf" 173
"D:/UE_4.8/Engine/Binaries/Win64/../../../Engine/Shaders/ColorUtils.usf" 174
"D:/UE_4.8/Engine/Binaries/Win64/../../../Engine/Shaders/IESLightProfilesCommon.usf" 175
"D:/UE_4.8/Engine/Binaries/Win64/../../../Engine/Shaders/SimpleElementVertexShader.usf" 176
"D:/UE_4.8/Engine/Binaries/Win64/../../../Engine/Shaders/ScreenVertexShader.usf" 177
"D:/UE_4.8/Engine/Binaries/Win64/../../../Engine/Shaders/ScreenPixelShader.usf" 178
"D:/UE_4.8/Engine/Binaries/Win64/../../../Engine/Shaders/RadixSortShaders.usf" 179
"D:/UE_4.8/Engine/Binaries/Win64/../../../Engine/Shaders/GpuSkinCacheComputeShader.usf" 180
"D:/UE_4.8/Engine/Binaries/Win64/../../../Engine/Shaders/NullPixelShader.usf" 181
"D:/UE_4.8/Engine/Binaries/Win64/../../../Engine/Shaders/LandscapeGrassWeight.usf" 182
"D:/UE_4.8/Engine/Binaries/Win64/../../../Engine/Shaders/VisualizeTexture.usf" 183
"D:/UE_4.8/Engine/Binaries/Win64/../../../Engine/Shaders/ScreenSpaceReflections.usf" 184
"D:/UE_4.8/Engine/Binaries/Win64/../../../Engine/Shaders/BRDF.usf" 185
"D:/UE_4.8/Engine/Binaries/Win64/../../../Engine/Shaders/MonteCarlo.usf" 186
"D:/UE_4.8/Engine/Binaries/Win64/../../../Engine/Shaders/ScreenSpaceRayCast.usf" 187
"D:/UE_4.8/Engine/Binaries/Win64/../../../Engine/Shaders/FilterVertexShader.usf" 188
"D:/UE_4.8/Engine/Binaries/Win64/../../../Engine/Shaders/FilterPixelShader.usf" 189
"D:/UE_4.8/Engine/Binaries/Win64/../../../Engine/Shaders/PostProcessVisualizeHDR.usf" 190
"D:/UE_4.8/Engine/Binaries/Win64/../../../Engine/Shaders/PostProcessHistogramCommon.usf" 191
"D:/UE_4.8/Engine/Binaries/Win64/../../../Engine/Shaders/TonemapCommon.usf" 192
"D:/UE_4.8/Engine/Binaries/Win64/../../../Engine/Shaders/ACES.usf" 193
"D:/UE_4.8/Engine/Binaries/Win64/../../../Engine/Shaders/MiniFontCommon.usf" 194
"D:/UE_4.8/Engine/Binaries/Win64/../../../Engine/Shaders/PostProcessVisualizeBuffer.usf" 195
"D:/UE_4.8/Engine/Binaries/Win64/../../../Engine/Shaders/PostProcessUpscale.usf" 196
"D:/UE_4.8/Engine/Binaries/Win64/../../../Engine/Shaders/PostProcessTonemap.usf" 197
"D:/UE_4.8/Engine/Binaries/Win64/../../../Engine/Shaders/PostProcessTestImage.usf" 198
"D:/UE_4.8/Engine/Binaries/Win64/../../../Engine/Shaders/PostProcessTemporalAA.usf" 199
"D:/UE_4.8/Engine/Binaries/Win64/../../../Engine/Shaders/PostProcessTemporalCommon.usf" 200
"D:/UE_4.8/Engine/Binaries/Win64/../../../Engine/Shaders/PostProcessSubsurface.usf" 201
"D:/UE_4.8/Engine/Binaries/Win64/../../../Engine/Shaders/SeparableSSS.usf" 202
"D:/UE_4.8/Engine/Binaries/Win64/../../../Engine/Shaders/PostProcessSelectionOutline.usf" 203
"D:/UE_4.8/Engine/Binaries/Win64/../../../Engine/Shaders/PostProcessSceneColorFringe.usf" 204
"D:/UE_4.8/Engine/Binaries/Win64/../../../Engine/Shaders/PostProcessNoiseBlur.usf" 205
"D:/UE_4.8/Engine/Binaries/Win64/../../../Engine/Shaders/PostProcessMotionBlur.usf" 206
"D:/UE_4.8/Engine/Binaries/Win64/../../../Engine/Shaders/PostProcessVelocityFlatten.usf" 207
"D:/UE_4.8/Engine/Binaries/Win64/../../../Engine/Shaders/MorpheusInclude.usf" 208
"D:/UE_4.8/Engine/Binaries/Win64/../../../Engine/Shaders/PostProcessMobile.usf" 209
"D:/UE_4.8/Engine/Binaries/Win64/../../../Engine/Shaders/PostProcessMaterialShaders.usf" 210
"D:/UE_4.8/Engine/Binaries/Win64/../../../Engine/Shaders/PostProcessLensFlares.usf" 211
"D:/UE_4.8/Engine/Binaries/Win64/../../../Engine/Shaders/PostProcessLensBlur.usf" 212
"D:/UE_4.8/Engine/Binaries/Win64/../../../Engine/Shaders/PostProcessBloom.usf" 213
"D:/UE_4.8/Engine/Binaries/Win64/../../../Engine/Shaders/PostProcessHMD.usf" 214
"D:/UE_4.8/Engine/Binaries/Win64/../../../Engine/Shaders/PostProcessHistogramReduce.usf" 215
"D:/UE_4.8/Engine/Binaries/Win64/../../../Engine/Shaders/PostProcessHistogram.usf" 216
"D:/UE_4.8/Engine/Binaries/Win64/../../../Engine/Shaders/PostProcessGBufferHints.usf" 217
"D:/UE_4.8/Engine/Binaries/Win64/../../../Engine/Shaders/PostProcessEyeAdaptation.usf" 218
"D:/UE_4.8/Engine/Binaries/Win64/../../../Engine/Shaders/PostProcessDownsample.usf" 219
"D:/UE_4.8/Engine/Binaries/Win64/../../../Engine/Shaders/PostProcessDOF.usf" 220
"D:/UE_4.8/Engine/Binaries/Win64/../../../Engine/Shaders/PostProcessCompositeEditorPrimitives.usf" 221
"D:/UE_4.8/Engine/Binaries/Win64/../../../Engine/Shaders/PostProcessCombineLUTs.usf" 222
"D:/UE_4.8/Engine/Binaries/Win64/../../../Engine/Shaders/PostProcessBusyWait.usf" 223
"D:/UE_4.8/Engine/Binaries/Win64/../../../Engine/Shaders/PostProcessBokehDOF.usf" 224
"D:/UE_4.8/Engine/Binaries/Win64/../../../Engine/Shaders/FXAAShader.usf" 225
"D:/UE_4.8/Engine/Binaries/Win64/../../../Engine/Shaders/Fxaa3_11.usf" 226
"D:/UE_4.8/Engine/Binaries/Win64/../../../Engine/Shaders/PostProcessPassThrough.usf" 227
"D:/UE_4.8/Engine/Binaries/Win64/../../../Engine/Shaders/PostProcessLpvIndirect.usf" 228
"D:/UE_4.8/Engine/Binaries/Win64/../../../Engine/Shaders/DeferredLightingCommon.usf" 229
"D:/UE_4.8/Engine/Binaries/Win64/../../../Engine/Shaders/DynamicLightingCommon.usf" 230
"D:/UE_4.8/Engine/Binaries/Win64/../../../Engine/Shaders/LPVFinalPass.usf" 231
"D:/UE_4.8/Engine/Binaries/Win64/../../../Engine/Shaders/LPVCommon.usf" 232
"D:/UE_4.8/Engine/Binaries/Win64/../../../Engine/Shaders/DeferredDecal.usf" 233
"D:/UE_4.8/Engine/Binaries/Win64/../../../Engine/Shaders/PostProcessAmbientOcclusion.usf" 234
"D:/UE_4.8/Engine/Binaries/Win64/../../../Engine/Shaders/PostProcessAmbient.usf" 235
"D:/UE_4.8/Engine/Binaries/Win64/../../../Engine/Shaders/CubemapCommon.usf" 236
"D:/UE_4.8/Engine/Binaries/Win64/../../../Engine/Shaders/VelocityShader.usf" 237
"D:/UE_4.8/Engine/Binaries/Win64/../../../Engine/Shaders/VelocityCommon.usf" 238
"D:/UE_4.8/Engine/Binaries/Win64/../../../Engine/Shaders/Tessellation.usf" 239
"D:/UE_4.8/Engine/Binaries/Win64/../../../Engine/Shaders/FlatTessellation.usf" 240
"D:/UE_4.8/Engine/Binaries/Win64/../../../Engine/Shaders/PNTriangles.usf" 241
"D:/UE_4.8/Engine/Binaries/Win64/../../../Engine/Shaders/TranslucentLightingShaders.usf" 242
"D:/UE_4.8/Engine/Binaries/Win64/../../../Engine/Shaders/SHCommon.usf" 243
"D:/UE_4.8/Engine/Binaries/Win64/../../../Engine/Shaders/ShadowProjectionCommon.usf" 244
"D:/UE_4.8/Engine/Binaries/Win64/../../../Engine/Shaders/TranslucentLightInjectionShaders.usf" 245
"D:/UE_4.8/Engine/Binaries/Win64/../../../Engine/Shaders/LightFunctionCommon.usf" 246
"D:/UE_4.8/Engine/Binaries/Win64/../../../Engine/Shaders/TranslucentShadowDepthShaders.usf" 247
"D:/UE_4.8/Engine/Binaries/Win64/../../../Engine/Shaders/ShadowDepthCommon.usf" 248
"D:/UE_4.8/Engine/Binaries/Win64/../../../Engine/Shaders/TiledDeferredLightShaders.usf" 249
"D:/UE_4.8/Engine/Binaries/Win64/../../../Engine/Shaders/SurfelTree.usf" 250
"D:/UE_4.8/Engine/Binaries/Win64/../../../Engine/Shaders/DistanceFieldLightingShared.usf" 251
"D:/UE_4.8/Engine/Binaries/Win64/../../../Engine/Shaders/SurfelMaterialShared.usf" 252
"D:/UE_4.8/Engine/Binaries/Win64/../../../Engine/Shaders/DistanceFieldAOShared.usf" 253
"D:/UE_4.8/Engine/Binaries/Win64/../../../Engine/Shaders/ShadowProjectionPixelShader.usf" 254
"D:/UE_4.8/Engine/Binaries/Win64/../../../Engine/Shaders/ShadowFilteringCommon.usf" 255
"D:/UE_4.8/Engine/Binaries/Win64/../../../Engine/Shaders/ShadowProjectionVertexShader.usf" 256
"D:/UE_4.8/Engine/Binaries/Win64/../../../Engine/Shaders/ShadowDepthPixelShader.usf" 257
"D:/UE_4.8/Engine/Binaries/Win64/../../../Engine/Shaders/LPVWriteVplCommon.usf" 258
"D:/UE_4.8/Engine/Binaries/Win64/../../../Engine/Shaders/LPVWriteCommon.usf" 259
"D:/UE_4.8/Engine/Binaries/Win64/../../../Engine/Shaders/ShadowDepthVertexShader.usf" 260
"D:/UE_4.8/Engine/Binaries/Win64/../../../Engine/Shaders/ShaderComplexityApplyPixelShader.usf" 261
"D:/UE_4.8/Engine/Binaries/Win64/../../../Engine/Shaders/ShaderComplexityApplyVertexShader.usf" 262
"D:/UE_4.8/Engine/Binaries/Win64/../../../Engine/Shaders/ShaderComplexityAccumulatePixelShader.usf" 263
"D:/UE_4.8/Engine/Binaries/Win64/../../../Engine/Shaders/HZBOcclusion.usf" 264
"D:/UE_4.8/Engine/Binaries/Win64/../../../Engine/Shaders/OcclusionQueryVertexShader.usf" 265
"D:/UE_4.8/Engine/Binaries/Win64/../../../Engine/Shaders/HitProxyPixelShader.usf" 266
"D:/UE_4.8/Engine/Binaries/Win64/../../../Engine/Shaders/HitProxyVertexShader.usf" 267
"D:/UE_4.8/Engine/Binaries/Win64/../../../Engine/Shaders/ReflectionEnvironmentShaders.usf" 268
"D:/UE_4.8/Engine/Binaries/Win64/../../../Engine/Shaders/ReflectionEnvironmentShared.usf" 269
"D:/UE_4.8/Engine/Binaries/Win64/../../../Engine/Shaders/SkyLightingShared.usf" 270
"D:/UE_4.8/Engine/Binaries/Win64/../../../Engine/Shaders/ReflectionEnvironmentComputeShaders.usf" 271
"D:/UE_4.8/Engine/Binaries/Win64/../../../Engine/Shaders/LightShaftShader.usf" 272
"D:/UE_4.8/Engine/Binaries/Win64/../../../Engine/Shaders/StationaryLightOverlapShaders.usf" 273
"D:/UE_4.8/Engine/Binaries/Win64/../../../Engine/Shaders/DeferredLightPixelShaders.usf" 274
"D:/UE_4.8/Engine/Binaries/Win64/../../../Engine/Shaders/DeferredLightVertexShaders.usf" 275
"D:/UE_4.8/Engine/Binaries/Win64/../../../Engine/Shaders/LPVVisualise.usf" 276
"D:/UE_4.8/Engine/Binaries/Win64/../../../Engine/Shaders/LPVGeometryVolumeCommon.usf" 277
"D:/UE_4.8/Engine/Binaries/Win64/../../../Engine/Shaders/LPVDirectLightInject.usf" 278
"D:/UE_4.8/Engine/Binaries/Win64/../../../Engine/Shaders/LPVPropagate.usf" 279
"D:/UE_4.8/Engine/Binaries/Win64/../../../Engine/Shaders/LPVBuildGeometryVolume.usf" 280
"D:/UE_4.8/Engine/Binaries/Win64/../../../Engine/Shaders/LPVInject_AccumulateVplLists.usf" 281
"D:/UE_4.8/Engine/Binaries/Win64/../../../Engine/Shaders/LPVInject_GenerateVplLists.usf" 282
"D:/UE_4.8/Engine/Binaries/Win64/../../../Engine/Shaders/LPVClearLists.usf" 283
"D:/UE_4.8/Engine/Binaries/Win64/../../../Engine/Shaders/LPVClear.usf" 284
"D:/UE_4.8/Engine/Binaries/Win64/../../../Engine/Shaders/LightMapDensityShader.usf" 285
"D:/UE_4.8/Engine/Binaries/Win64/../../../Engine/Shaders/LightFunctionPixelShader.usf" 286
"D:/UE_4.8/Engine/Binaries/Win64/../../../Engine/Shaders/LightFunctionVertexShader.usf" 287
"D:/UE_4.8/Engine/Binaries/Win64/../../../Engine/Shaders/HeightfieldLighting.usf" 288
"D:/UE_4.8/Engine/Binaries/Win64/../../../Engine/Shaders/DistanceFieldShadowingShared.usf" 289
"D:/UE_4.8/Engine/Binaries/Win64/../../../Engine/Shaders/HdrCustomResolveShaders.usf" 290
"D:/UE_4.8/Engine/Binaries/Win64/../../../Engine/Shaders/GPUBenchmark.usf" 291
"D:/UE_4.8/Engine/Binaries/Win64/../../../Engine/Shaders/GammaCorrection.usf" 292
"D:/UE_4.8/Engine/Binaries/Win64/../../../Engine/Shaders/BasePassForForwardShadingPixelShader.usf" 293
"D:/UE_4.8/Engine/Binaries/Win64/../../../Engine/Shaders/BasePassForForwardShadingCommon.usf" 294
"D:/UE_4.8/Engine/Binaries/Win64/../../../Engine/Shaders/LightmapCommon.usf" 295
"D:/UE_4.8/Engine/Binaries/Win64/../../../Engine/Shaders/BasePassForForwardShadingVertexShader.usf" 296
"D:/UE_4.8/Engine/Binaries/Win64/../../../Engine/Shaders/HeightFogCommon.usf" 297
"D:/UE_4.8/Engine/Binaries/Win64/../../../Engine/Shaders/HeightFogPixelShader.usf" 298
"D:/UE_4.8/Engine/Binaries/Win64/../../../Engine/Shaders/HeightFogVertexShader.usf" 299
"D:/UE_4.8/Engine/Binaries/Win64/../../../Engine/Shaders/DistortAccumulatePS.usf" 300
"D:/UE_4.8/Engine/Binaries/Win64/../../../Engine/Shaders/DistortAccumulateVS.usf" 301
"D:/UE_4.8/Engine/Binaries/Win64/../../../Engine/Shaders/DistortApplyScreenPS.usf" 302
"D:/UE_4.8/Engine/Binaries/Win64/../../../Engine/Shaders/DistanceFieldSurfaceCacheLighting.usf" 303
"D:/UE_4.8/Engine/Binaries/Win64/../../../Engine/Shaders/SkyLighting.usf" 304
"D:/UE_4.8/Engine/Binaries/Win64/../../../Engine/Shaders/DistanceFieldGlobalIllumination.usf" 305
"D:/UE_4.8/Engine/Binaries/Win64/../../../Engine/Shaders/DistanceFieldLightingPost.usf" 306
"D:/UE_4.8/Engine/Binaries/Win64/../../../Engine/Shaders/DistanceFieldSurfaceCacheLightingCompute.usf" 307
"D:/UE_4.8/Engine/Binaries/Win64/../../../Engine/Shaders/DistanceFieldShadowing.usf" 308
"D:/UE_4.8/Engine/Binaries/Win64/../../../Engine/Shaders/DepthOnlyPixelShader.usf" 309
"D:/UE_4.8/Engine/Binaries/Win64/../../../Engine/Shaders/DepthOnlyVertexShader.usf" 310
"D:/UE_4.8/Engine/Binaries/Win64/../../../Engine/Shaders/PositionOnlyDepthVertexShader.usf" 311
"D:/UE_4.8/Engine/Binaries/Win64/../../../Engine/Shaders/DownsampleDepthPixelShader.usf" 312
"D:/UE_4.8/Engine/Binaries/Win64/../../../Engine/Shaders/EvaluateSurfelMaterial.usf" 313
"D:/UE_4.8/Engine/Binaries/Win64/../../../Engine/Shaders/ConvertToUniformMesh.usf" 314
"D:/UE_4.8/Engine/Binaries/Win64/../../../Engine/Shaders/BasePassPixelShader.usf" 315
"D:/UE_4.8/Engine/Binaries/Win64/../../../Engine/Shaders/BasePassCommon.usf" 316
"D:/UE_4.8/Engine/Binaries/Win64/../../../Engine/Shaders/ForEachLight.usf" 317
"D:/UE_4.8/Engine/Binaries/Win64/../../../Engine/Shaders/BasePassVertexShader.usf" 318
"D:/UE_4.8/Engine/Binaries/Win64/../../../Engine/Shaders/BasePassVertexCommon.usf" 319
"D:/UE_4.8/Engine/Binaries/Win64/../../../Engine/Shaders/BasePassTessellationShaders.usf" 320
"D:/UE_4.8/Engine/Binaries/Win64/../../../Engine/Shaders/AtmospherePrecompute.usf" 321
"D:/UE_4.8/Engine/Binaries/Win64/../../../Engine/Shaders/AtmospherePrecomputeCommon.usf" 322
"D:/UE_4.8/Engine/Binaries/Win64/../../../Engine/Shaders/AtmospherePrecomputeInscatter.usf" 323
"D:/UE_4.8/Engine/Binaries/Win64/../../../Engine/Shaders/AtmosphericFogShader.usf" 324
"D:/UE_4.8/Engine/Binaries/Win64/../../../Engine/Shaders/ResolveVertexShader.usf" 325
"D:/UE_4.8/Engine/Binaries/Win64/../../../Engine/Shaders/ResolvePixelShader.usf" 326
"D:/UE_4.8/Engine/Binaries/Win64/../../../Engine/Shaders/OneColorShader.usf" 327
"D:/UE_4.8/Engine/Binaries/Win64/../../../Engine/Shaders/ClearReplacementShaders.usf" 328
"D:/UE_4.8/Engine/Binaries/Win64/../../../Engine/Shaders/SimpleElementTexture2DPreviewPixelShader.usf" 329
"D:/UE_4.8/Engine/Binaries/Win64/../../../Engine/Shaders/SimpleElementNormalMapPixelShader.usf" 330
"D:/UE_4.8/Engine/Binaries/Win64/../../../Engine/Shaders/meshpaintdilatepixelshader.usf" 331
"D:/UE_4.8/Engine/Binaries/Win64/../../../Engine/Shaders/meshpaintdilatevertexshader.usf" 332
"D:/UE_4.8/Engine/Binaries/Win64/../../../Engine/Shaders/MeshPaintPixelShader.usf" 333
"D:/UE_4.8/Engine/Binaries/Win64/../../../Engine/Shaders/MeshPaintVertexShader.usf" 334
"../../../Engine/Config/Android/AndroidEngine.ini" 335
"../../../Engine/Config/HTML5/HTML5Engine.ini" 336
"../../../Engine/Config/IOS/IOSEngine.ini" 337
"../../../Engine/Config/Linux/LinuxEngine.ini" 338
"C:/Users/Tmax/AppData/Local/UnrealEngine/4.8/DerivedDataCache/Boot.ddc" 339
"../../../Engine/DerivedDataCache/Compressed.ddp" 340
"../../../Engine/Content/EngineFonts/Roboto.uasset" 341
"../../../Engine/Content/EngineMaterials/Widget3DPassThrough_Translucent.uasset" 342
"../../../Engine/Content/EngineMaterials/Widget3DPassThrough.uasset" 343
"../../../Engine/Content/EngineResources/WhiteSquareTexture.uasset" 344
"../../../Engine/Content/Functions/Engine_MaterialFunctions01/Shading/PowerToRoughness.uasset" 345
"../../../Engine/Content/Functions/Engine_MaterialFunctions01/Shading/ConvertFromDiffSpec.uasset" 346
"../../../Engine/Content/EngineMaterials/WorldGridMaterial.uasset" 347
"../../../Engine/Content/Functions/Engine_MaterialFunctions01/Opacity/CameraDepthFade.uasset" 348
"../../../Engine/Content/EngineMaterials/T_Default_Material_Grid_M.uasset" 349
"../../../Engine/Content/EngineMaterials/T_Default_Material_Grid_N.uasset" 350
"../../../Engine/Content/EngineMaterials/DefaultDeferredDecalMaterial.uasset" 351
"../../../Engine/Content/EngineMaterials/DefaultDiffuse.uasset" 352
"../../../Engine/Content/EngineMaterials/DefaultLightFunctionMaterial.uasset" 353
"../../../Engine/Content/EngineMaterials/DefaultPostProcessMaterial.uasset" 354
"../../../Engine/Content/Functions/Engine_MaterialFunctions02/Utility/BreakOutFloat2Components.uasset" 355
"../../../Engine/Content/EngineResources/DefaultTexture.uasset" 356
"../../../Engine/Content/EngineMaterials/Widget3DPassThrough_Translucent_OneSided.uasset" 357
"../../../Engine/Content/EngineMaterials/Widget3DPassThrough_Opaque.uasset" 358
"../../../Engine/Content/EngineMaterials/Widget3DPassThrough_Opaque_OneSided.uasset" 359
"../../../Engine/Content/EditorResources/S_Actor.uasset" 360
"../../../Engine/Content/Maps/Templates/Thumbnails/Default.uasset" 361
"../../../Engine/Content/EditorMaterials/ParticleSystems/PSysThumbnail_NoImage.uasset" 362
"../../../Engine/Content/EditorMaterials/ParticleSystems/PSysThumbnail_OOD.uasset" 363
"../../../Engine/Content/EditorLandscapeResources/DataLayer.uasset" 364
"../../../Engine/Content/EngineDamageTypes/DmgTypeBP_Environmental.uasset" 365
"..\..\..\Engine\Content\Internationalization\icudt53l\numberingSystems.res" 366
"..\..\..\Engine\Content\Internationalization\icudt53l\curr\supplementalData.res" 367
"..\..\..\Engine\Content\Internationalization\icudt53l\curr\pool.res" 368
"..\..\..\Engine\Content\Internationalization\icudt53l\curr\ko.res" 369
"..\..\..\Engine\Content\Internationalization\icudt53l\curr\root.res" 370
"../../../Engine/Content/EngineMeshes/Sphere.uasset" 371
"../../../Engine/Content/EngineFonts/RobotoDistanceField.uasset" 372
"../../../Engine/Content/EngineMaterials/DefaultTextMaterialOpaque.uasset" 373
"../../../Engine/Content/EditorResources/S_Trigger.uasset" 374
"../../../Engine/Content/EngineResources/GradientTexture0.uasset" 375
"../../../Engine/Content/EngineResources/Black.uasset" 376
"../../../Engine/Content/EditorMaterials/MatineeGroups/MAT_Groups_Float.uasset" 377
"../../../Engine/Content/EditorMaterials/MatineeGroups/MAT_Groups_Director.uasset" 378
"../../../Engine/Content/EditorMaterials/MatineeGroups/MAT_Groups_Event.uasset" 379
"../../../Engine/Content/EditorMaterials/MatineeGroups/MAT_Groups_Anim.uasset" 380
"../../../Engine/Content/EditorMaterials/MatineeGroups/MAT_Groups_Fade.uasset" 381
"../../../Engine/Content/EditorMaterials/MatineeGroups/MAT_Groups_Move.uasset" 382
"../../../Engine/Content/EditorMaterials/MatineeGroups/MAT_Groups_Slomo.uasset" 383
"../../../Engine/Content/EditorMaterials/MatineeGroups/MAT_ColorTrack.uasset" 384
"../../../Engine/Content/EditorMaterials/MAT_Groups_Toggle.uasset" 385
"../../../Engine/Content/EditorMaterials/MatineeGroups/MAT_Groups_AudioMaster.uasset" 386
"../../../Engine/Content/EditorMaterials/MatineeGroups/MAT_Groups_Sound.uasset" 387
"../../../Engine/Content/EditorMaterials/MatineeGroups/MAT_Groups_Vector.uasset" 388
"../../../Engine/Content/EditorMaterials/MAT_Groups_Visibility.uasset" 389
"../../../Engine/Content/EngineResources/DefaultTextureCube.uasset" 390
"../../../Engine/Content/EngineSounds/Master.uasset" 391
"../../../Engine/Content/EngineSounds/Music.uasset" 392
"../../../Engine/Content/EngineSounds/SFX.uasset" 393
"../../../Engine/Content/EngineSounds/Normal_Attack.uasset" 394
"../../../Engine/Content/EngineSounds/Special_Attack_PSM.uasset" 395
"../../../Engine/Content/EngineSounds/Duck_Normal_Attack_MixMod.uasset" 396
"../../../Engine/Content/EngineSounds/Voice.uasset" 397
"../../../Engine/Content/EngineMeshes/Cylinder.uasset" 398
"../../../Engine/Content/EngineMaterials/DefaultMaterial.uasset" 399
"../../../Engine/Content/EngineTireTypes/DefaultTireType.uasset" 400
"../../../Engine/Content/Editor/Slate/Fonts/FontAwesome.ttf" 401
"../../../Engine/Content/Editor/Slate/Fonts/DroidSansMono.ttf" 402
"../../../Engine/Content/Editor/Slate/Fonts/Roboto-BoldCondensed.ttf" 403
"../../../Engine/Content/Editor/Slate/Fonts/Roboto-Black.ttf" 404
"../../../Engine/Content/Editor/Slate/Fonts/Roboto-Italic.ttf" 405
"../../../Engine/Content/Editor/Slate/Fonts/Roboto-BoldCondensedItalic.ttf" 406
"..\..\..\Engine\Content\Internationalization\icudt53l\coll\ucadata.icu" 407
"..\..\..\Engine\Content\Internationalization\icudt53l\nfc.nrm" 408
"..\..\..\Engine\Content\Internationalization\icudt53l\coll\ko.res" 409
"..\..\..\Engine\Content\Internationalization\icudt53l\coll\root.res" 410
"../../../Engine/Content/EngineResources/AICON-Red.uasset" 411
"../../../Engine/Content/EngineResources/AICON-Green.uasset" 412
"../../../Engine/Plugins/2D/Paper2D/Content/MaskedUnlitSpriteMaterial.uasset" 413
"../../../Engine/Plugins/2D/Paper2D/Content/DefaultSpriteMaterial.uasset" 414
"../../../Engine/Plugins/2D/Paper2D/Content/DummySpriteTexture.uasset" 415
"../../../Engine/Plugins/2D/Paper2D/Content/PlaceholderTextures/DummySpriteTexture.uasset" 416
"../../../Engine/Plugins/2D/Paper2D/Content/OpaqueUnlitSpriteMaterial.uasset" 417
"../../../Engine/Plugins/2D/Paper2D/Content/DefaultPaperTerrainMaterial.uasset" 418
"../../../Engine/Plugins/2D/Paper2D/Content/DummySprite.uasset" 419
"C:/Users/Tmax/AppData/Local/UnrealEngine/4.8/Saved/Config/Windows/SourceControlSettings.ini" 420
"C:/Users/Tmax/Documents/Unreal Projects/TwinStickShooter/Intermediate/Config/CoalescedSourceConfigs/SourceControlSettings.ini" 421
"C:/Users/Tmax/Documents/Unreal Projects/TwinStickShooter/Saved/Config/Windows/SourceControlSettings.ini" 422
"../../../Engine/Plugins/Runtime/LeapMotionController/Content/LM_CapsuleMesh.uasset" 423
"../../../Engine/Plugins/Runtime/LeapMotionController/Content/LM_TorusMesh.uasset" 424
"../../../Engine/Plugins/Runtime/LeapMotionController/Content/LM_HandColor.uasset" 425
"../../../Engine/Content/EngineMaterials/RemoveSurfaceMaterial.uasset" 426
"../../../Engine/Content/EngineDebugMaterials/DebugMeshMaterial.uasset" 427
"../../../Engine/Content/EngineMaterials/M_InvalidLightmapSettings.uasset" 428
"../../../Engine/Content/EngineMaterials/InvalidLightmapSettings.uasset" 429
"../../../Engine/Content/EditorMaterials/GizmoMaterial.uasset" 430
"../../../Engine/Content/EngineMaterials/Good64x64TilingNoiseHighFreq.uasset" 431
"../../../Engine/Content/EngineMaterials/DefaultBokeh.uasset" 432
"../../../Engine/Content/EngineMaterials/PreintegratedSkinBRDF.uasset" 433
"../../../Engine/Content/EngineMaterials/MiniFont.uasset" 434
"../../../Engine/Content/EngineMaterials/WeightMapPlaceholderTexture.uasset" 435
"../../../Engine/Content/EngineMaterials/DefaultWhiteGrid.uasset" 436
"../../../Engine/Content/EngineMaterials/DefaultPhysicalMaterial.uasset" 437
"../../../Engine/Content/EngineFonts/RobotoTiny.uasset" 438
"C:/Users/Tmax/Documents/Unreal Projects/TwinStickShooter/Intermediate/CachedAssetRegistry.bin" 439
"C:/Users/Tmax/Documents/Unreal Projects/TwinStickShooter/Content/Blueprints/EnemyCharacter.uasset" 440
"C:/Users/Tmax/Documents/Unreal Projects/TwinStickShooter/Content/Blueprints/EnemySpawner.uasset" 441
"C:/Users/Tmax/Documents/Unreal Projects/TwinStickShooter/Content/Blueprints/Explosion.uasset" 442
"C:/Users/Tmax/Documents/Unreal Projects/TwinStickShooter/Content/Blueprints/Projectile.uasset" 443
"C:/Users/Tmax/Documents/Unreal Projects/TwinStickShooter/Content/Blueprints/TwinStickMode.uasset" 444
"C:/Users/Tmax/Documents/Unreal Projects/TwinStickShooter/Content/Blueprints/Weapon.uasset" 445
"C:/Users/Tmax/Documents/Unreal Projects/TwinStickShooter/Content/Maps/ArenaMap.umap" 446
"C:/Users/Tmax/Documents/Unreal Projects/TwinStickShooter/Content/StarterContent/Particles/LaserSparks.uasset" 447
"C:/Users/Tmax/Documents/Unreal Projects/TwinStickShooter/Content/StarterContent/Particles/P_Sparks.uasset" 448
"C:/Users/Tmax/Documents/Unreal Projects/TwinStickShooter/Saved/Autosaves/Game/Blueprints/EnemyCharacter_Auto3.uasset" 449
"C:/Users/Tmax/Documents/Unreal Projects/TwinStickShooter/Saved/Autosaves/Game/Maps/ArenaMap_Auto4.umap" 450
"C:/Users/Tmax/Documents/Unreal Projects/TwinStickShooter/Saved/Cooked/WindowsNoEditor/TwinStickShooter/CookedIniVersion.txt" 451
"../../../Engine/Content/MobileResources/HUD/VirtualJoystick_Thumb.uasset" 452
"../../../Engine/Content/EditorBlueprintResources/StandardMacros.uasset" 453
"C:/Users/Tmax/Documents/Unreal Projects/TwinStickShooter/Content/AnimationAssets/EnemyAnimBP.uasset" 454
"C:/Users/Tmax/Documents/Unreal Projects/TwinStickShooter/Content/AnimationAssets/CharacterAnimBP.uasset" 455
"C:/Users/Tmax/Documents/Unreal Projects/TwinStickShooter/Content/AnimationAssets/Death_1.uasset" 456
"C:/Users/Tmax/Documents/Unreal Projects/TwinStickShooter/Content/AnimationAssets/UE4_Mannequin/Mesh/UE4_Mannequin_Skeleton.uasset" 457
"C:/Users/Tmax/Documents/Unreal Projects/TwinStickShooter/Content/AnimationAssets/Death_2.uasset" 458
"C:/Users/Tmax/Documents/Unreal Projects/TwinStickShooter/Content/AnimationAssets/Death_3.uasset" 459
"C:/Users/Tmax/Documents/Unreal Projects/TwinStickShooter/Content/AnimationAssets/HeroBlend.uasset" 460
"C:/Users/Tmax/Documents/Unreal Projects/TwinStickShooter/Content/AnimationAssets/Idle_Rifle_Hip.uasset" 461
"C:/Users/Tmax/Documents/Unreal Projects/TwinStickShooter/Content/AnimationAssets/Jog_Bwd_Rifle.uasset" 462
"C:/Users/Tmax/Documents/Unreal Projects/TwinStickShooter/Content/AnimationAssets/Jog_Fwd_Rifle.uasset" 463
"C:/Users/Tmax/Documents/Unreal Projects/TwinStickShooter/Content/AnimationAssets/Jog_Lt_Rifle.uasset" 464
"C:/Users/Tmax/Documents/Unreal Projects/TwinStickShooter/Content/AnimationAssets/Jog_Rt_Rifle.uasset" 465
"C:/Users/Tmax/Documents/Unreal Projects/TwinStickShooter/Content/AnimationAssets/EnemyBlend.uasset" 466
"C:/Users/Tmax/Documents/Unreal Projects/TwinStickShooter/Content/AnimationAssets/Enemy_Idle.uasset" 467
"C:/Users/Tmax/Documents/Unreal Projects/TwinStickShooter/Content/AnimationAssets/Enemy_Walk.uasset" 468
"C:/Users/Tmax/Documents/Unreal Projects/TwinStickShooter/Content/Blueprints/EnemyAI.uasset" 469
"C:/Users/Tmax/Documents/Unreal Projects/TwinStickShooter/Content/StarterContent/Particles/P_Explosion.uasset" 470
"C:/Users/Tmax/Documents/Unreal Projects/TwinStickShooter/Content/StarterContent/Particles/Materials/M_Burst.uasset" 471
"C:/Users/Tmax/Documents/Unreal Projects/TwinStickShooter/Content/StarterContent/Textures/T_Burst_M.uasset" 472
"C:/Users/Tmax/Documents/Unreal Projects/TwinStickShooter/Content/StarterContent/Particles/Materials/M_explosion_subUV.uasset" 473
"C:/Users/Tmax/Documents/Unreal Projects/TwinStickShooter/Content/StarterContent/Textures/T_Explosion_SubUV.uasset" 474
"C:/Users/Tmax/Documents/Unreal Projects/TwinStickShooter/Content/StarterContent/Particles/Materials/m_flare_01.uasset" 475
"C:/Users/Tmax/Documents/Unreal Projects/TwinStickShooter/Content/StarterContent/Particles/Materials/M_radial_ramp.uasset" 476
"../../../Engine/Content/Functions/Engine_MaterialFunctions01/Gradient/RadialGradient.uasset" 477
"C:/Users/Tmax/Documents/Unreal Projects/TwinStickShooter/Content/StarterContent/Particles/Materials/M_smoke_subUV.uasset" 478
"C:/Users/Tmax/Documents/Unreal Projects/TwinStickShooter/Content/StarterContent/Textures/T_Smoke_SubUV.uasset" 479
"C:/Users/Tmax/Documents/Unreal Projects/TwinStickShooter/Content/StarterContent/Textures/T_Smoke_Tiled_D.uasset" 480
"C:/Users/Tmax/Documents/Unreal Projects/TwinStickShooter/Content/Blueprints/HeroCharacter.uasset" 481
"C:/Users/Tmax/Documents/Unreal Projects/TwinStickShooter/Content/Blueprints/iDamageable.uasset" 482
"C:/Users/Tmax/Documents/Unreal Projects/TwinStickShooter/Content/Material/ProjectileMat.uasset" 483
"../../../Engine/Content/BasicShapes/Sphere.uasset" 484
"C:/Users/Tmax/Documents/Unreal Projects/TwinStickShooter/Content/StarterContent/Particles/Materials/M_Radial_Gradient.uasset" 485
"C:/Users/Tmax/Documents/Unreal Projects/TwinStickShooter/Content/StarterContent/Particles/Materials/M_Spark.uasset" 486
"C:/Users/Tmax/Documents/Unreal Projects/TwinStickShooter/Content/StarterContent/Textures/T_Spark_Core.uasset" 487
"C:/Users/Tmax/Documents/Unreal Projects/TwinStickShooter/Content/FPWeapon/Mesh/SK_FPGun.uasset" 488
"C:/Users/Tmax/Documents/Unreal Projects/TwinStickShooter/Content/FPWeapon/Materials/MI_FPGun.uasset" 489
"C:/Users/Tmax/Documents/Unreal Projects/TwinStickShooter/Content/FPWeapon/Materials/M_FPGun.uasset" 490
"../../../Engine/Content/Functions/Engine_MaterialFunctions01/Shading/MetallicShading.uasset" 491
"../../../Engine/Content/Functions/Engine_MaterialFunctions02/Utility/BlendAngleCorrectedNormals.uasset" 492
"../../../Engine/Content/Functions/MaterialLayerFunctions/MatLayerBlend_AO.uasset" 493
"../../../Engine/Content/Functions/MaterialLayerFunctions/MatLayerBlend_NormalBlend.uasset" 494
"../../../Engine/Content/Functions/MaterialLayerFunctions/MatLayerBlend_Simple.uasset" 495
"C:/Users/Tmax/Documents/Unreal Projects/TwinStickShooter/Content/FPWeapon/Materials/MaterialLayers/ML_GlossyBlack_Latex_UE4.uasset" 496
"C:/Users/Tmax/Documents/Unreal Projects/TwinStickShooter/Content/FPWeapon/Materials/MF_BaseColorTintAndContrast.uasset" 497
"C:/Users/Tmax/Documents/Unreal Projects/TwinStickShooter/Content/FPWeapon/Materials/MF_RoughnessAdjustment.uasset" 498
"C:/Users/Tmax/Documents/Unreal Projects/TwinStickShooter/Content/FPWeapon/Materials/MaterialLayers/T_ML_FineRubber.uasset" 499
"C:/Users/Tmax/Documents/Unreal Projects/TwinStickShooter/Content/FPWeapon/Materials/MaterialLayers/T_ML_Rubber_Blue_01_D.uasset" 500
"C:/Users/Tmax/Documents/Unreal Projects/TwinStickShooter/Content/FPWeapon/Materials/MaterialLayers/T_ML_Rubber_Blue_01_N.uasset" 501
"C:/Users/Tmax/Documents/Unreal Projects/TwinStickShooter/Content/FPWeapon/Textures/UE4_Mannequin_occlusion_Mobile.uasset" 502
"C:/Users/Tmax/Documents/Unreal Projects/TwinStickShooter/Content/FPWeapon/Materials/MaterialLayers/ML_Plastic_Shiny_Beige.uasset" 503
"C:/Users/Tmax/Documents/Unreal Projects/TwinStickShooter/Content/FPWeapon/Materials/MaterialLayers/ML_Plastic_Shiny_Beige_LOGO.uasset" 504
"C:/Users/Tmax/Documents/Unreal Projects/TwinStickShooter/Content/FPWeapon/Textures/UE4_LOGO_CARD.uasset" 505
"C:/Users/Tmax/Documents/Unreal Projects/TwinStickShooter/Content/FPWeapon/Materials/MaterialLayers/ML_SoftMetal_UE4.uasset" 506
"C:/Users/Tmax/Documents/Unreal Projects/TwinStickShooter/Content/FPWeapon/Materials/MaterialLayers/T_ML_Aluminum01.uasset" 507
"C:/Users/Tmax/Documents/Unreal Projects/TwinStickShooter/Content/FPWeapon/Materials/MaterialLayers/T_ML_Aluminum01_N.uasset" 508
"C:/Users/Tmax/Documents/Unreal Projects/TwinStickShooter/Content/FPWeapon/Textures/T_FPGun_AO.uasset" 509
"C:/Users/Tmax/Documents/Unreal Projects/TwinStickShooter/Content/FPWeapon/Textures/T_FPGun_M.uasset" 510
"C:/Users/Tmax/Documents/Unreal Projects/TwinStickShooter/Content/FPWeapon/Textures/T_FPGun_N.uasset" 511
"C:/Users/Tmax/Documents/Unreal Projects/TwinStickShooter/Content/FPWeapon/Mesh/SK_FPGun_PhysicsAsset.uasset" 512
"C:/Users/Tmax/Documents/Unreal Projects/TwinStickShooter/Content/FPWeapon/Mesh/SK_FPGun_Skeleton.uasset" 513
"C:/Users/Tmax/Documents/Unreal Projects/TwinStickShooter/Content/Blueprints/TwinStickHUD.uasset" 514
"C:/Users/Tmax/Documents/Unreal Projects/TwinStickShooter/Content/AnimationAssets/UE4_Mannequin/Mesh/SK_Mannequin.uasset" 515
"C:/Users/Tmax/Documents/Unreal Projects/TwinStickShooter/Content/AnimationAssets/UE4_Mannequin/Materials/M_UE4Man_Body.uasset" 516
"C:/Users/Tmax/Documents/Unreal Projects/TwinStickShooter/Content/AnimationAssets/UE4_Mannequin/Materials/MaterialLayers/ML_GlossyBlack_Latex_UE4.uasset" 517
"C:/Users/Tmax/Documents/Unreal Projects/TwinStickShooter/Content/AnimationAssets/UE4_Mannequin/Materials/MaterialLayers/T_ML_Rubber_Blue_01_D.uasset" 518
"C:/Users/Tmax/Documents/Unreal Projects/TwinStickShooter/Content/AnimationAssets/UE4_Mannequin/Materials/MaterialLayers/T_ML_Rubber_Blue_01_N.uasset" 519
"C:/Users/Tmax/Documents/Unreal Projects/TwinStickShooter/Content/AnimationAssets/UE4_Mannequin/Materials/MaterialLayers/ML_Plastic_Shiny_Beige.uasset" 520
"C:/Users/Tmax/Documents/Unreal Projects/TwinStickShooter/Content/AnimationAssets/UE4_Mannequin/Materials/MaterialLayers/ML_Plastic_Shiny_Beige_LOGO.uasset" 521
"C:/Users/Tmax/Documents/Unreal Projects/TwinStickShooter/Content/AnimationAssets/UE4_Mannequin/Textures/UE4_LOGO_CARD.uasset" 522
"C:/Users/Tmax/Documents/Unreal Projects/TwinStickShooter/Content/AnimationAssets/UE4_Mannequin/Materials/MaterialLayers/ML_SoftMetal_UE4.uasset" 523
"C:/Users/Tmax/Documents/Unreal Projects/TwinStickShooter/Content/AnimationAssets/UE4_Mannequin/Materials/MaterialLayers/T_ML_Aluminum01.uasset" 524
"C:/Users/Tmax/Documents/Unreal Projects/TwinStickShooter/Content/AnimationAssets/UE4_Mannequin/Materials/MaterialLayers/T_ML_Aluminum01_N.uasset" 525
"C:/Users/Tmax/Documents/Unreal Projects/TwinStickShooter/Content/AnimationAssets/UE4_Mannequin/Textures/UE4_Mannequin__normals.uasset" 526
"C:/Users/Tmax/Documents/Unreal Projects/TwinStickShooter/Content/AnimationAssets/UE4_Mannequin/Textures/UE4_Mannequin_MAT_MASKA.uasset" 527
"C:/Users/Tmax/Documents/Unreal Projects/TwinStickShooter/Content/AnimationAssets/UE4_Mannequin/Textures/UE4_Mannequin_occlusion_Mobile.uasset" 528
"C:/Users/Tmax/Documents/Unreal Projects/TwinStickShooter/Content/AnimationAssets/UE4_Mannequin/Materials/M_UE4Man_ChestLogo.uasset" 529
"C:/Users/Tmax/Documents/Unreal Projects/TwinStickShooter/Content/AnimationAssets/UE4_Mannequin/Textures/UE4Man_Logo_N.uasset" 530
"C:/Users/Tmax/Documents/Unreal Projects/TwinStickShooter/Content/AnimationAssets/UE4_Mannequin/Mesh/SK_Mannequin_PhysicsAsset.uasset" 531
"C:/Users/Tmax/AppData/Local/UnrealEngine/Common/DerivedDataCache/2/5/5/MATSM_983AFA3849534FAA8491540B994BD32E_PCD3D_SM5_2__BC5N_DEV_SL_NODBUF35850AAE__A25D070014793152F4CBC1B879C651E18E48417B.udd" 532
"C:/Users/Tmax/AppData/Local/UnrealEngine/Common/DerivedDataCache/6/9/3/MATSM_983AFA3849534FAA8491540B994BD32E_PCD3D_SM4_2__BC5N_DEV_SL_NODBUF35850AAE__36D8B3A607690369A3510065F12E79DC2EB2A3B4.udd" 533
"C:/Users/Tmax/AppData/Local/UnrealEngine/Common/DerivedDataCache/8/8/1/MATSM_983AFA3849534FAA8491540B994BD32E_PCD3D_SM5_2__BC5N_DEV_SL_NODBUFF2E002B8__66398DF38DEC59A8B5CE50F73275ADD94282946A.udd" 534
"C:/Users/Tmax/AppData/Local/UnrealEngine/Common/DerivedDataCache/8/3/4/MATSM_983AFA3849534FAA8491540B994BD32E_PCD3D_SM4_2__BC5N_DEV_SL_NODBUFF2E002B8__E93DC28A00FC917B5F052ECE5084377C15843A02.udd" 535
"C:/Users/Tmax/AppData/Local/UnrealEngine/Common/DerivedDataCache/5/1/6/MATSM_983AFA3849534FAA8491540B994BD32E_PCD3D_SM5_2__BC5N_DEV_SL_NODBUF81B5889B__10D485F8F6F58E40AEC25C441581977C11D8200A.udd" 536
"C:/Users/Tmax/AppData/Local/UnrealEngine/Common/DerivedDataCache/3/1/7/MATSM_983AFA3849534FAA8491540B994BD32E_PCD3D_SM4_2__BC5N_DEV_SL_NODBUF81B5889B__056FE1A5344CB9B698A752D62CDF861DF7E18BB9.udd" 537
"C:/Users/Tmax/AppData/Local/UnrealEngine/Common/DerivedDataCache/3/1/7/MATSM_983AFA3849534FAA8491540B994BD32E_PCD3D_SM5_2__BC5N_DEV_SL_NODBUF81B5889B__B97074B6504A48603F18B2558CBC0FBF70806046.udd" 538
"C:/Users/Tmax/AppData/Local/UnrealEngine/Common/DerivedDataCache/6/9/0/MATSM_983AFA3849534FAA8491540B994BD32E_PCD3D_SM4_2__BC5N_DEV_SL_NODBUF81B5889B__317051E6CA37FDEE27F73FA6B707A0814BF9C400.udd" 539
"../../../Engine/Content/EditorResources/BSPVertex.uasset" 540
"../../../Engine/Content/EngineDebugMaterials/WireframeMaterial.uasset" 541
"../../../Engine/Content/EngineDebugMaterials/GeomMaterial.uasset" 542
"../../../Engine/Content/EngineDebugMaterials/LevelColorationLitMaterial.uasset" 543
"../../../Engine/Content/EngineDebugMaterials/LevelColorationUnlitMaterial.uasset" 544
"../../../Engine/Content/EngineDebugMaterials/MAT_LevelColorationLitLightmapUV.uasset" 545
"../../../Engine/Content/EngineDebugMaterials/ShadedLevelColorationLitMaterial.uasset" 546
"../../../Engine/Content/EngineDebugMaterials/ShadedLevelColorationUnlitMateri.uasset" 547
"../../../Engine/Content/EngineDebugMaterials/VertexColorMaterial.uasset" 548
"../../../Engine/Content/EngineDebugMaterials/VertexColorViewMode_ColorOnly.uasset" 549
"../../../Engine/Content/EngineDebugMaterials/VertexColorViewMode_AlphaAsColor.uasset" 550
"../../../Engine/Content/EngineDebugMaterials/VertexColorViewMode_RedOnly.uasset" 551
"../../../Engine/Content/EngineDebugMaterials/VertexColorViewMode_GreenOnly.uasset" 552
"../../../Engine/Content/EngineDebugMaterials/VertexColorViewMode_BlueOnly.uasset" 553
"../../../Engine/Content/EngineDebugMaterials/BoneWeightMaterial.uasset" 554
"../../../Engine/Content/EngineDebugMaterials/HeatmapGradient.uasset" 555
"../../../Engine/Content/EditorMaterials/PhAT_JointLimitMaterial.uasset" 556
"../../../Engine/Content/EditorMaterials/PreviewShadowIndicatorMaterial.uasset" 557
"../../../Engine/Content/EditorMaterials/PreviewShadowIndicator.uasset" 558
"../../../Engine/Content/EngineMaterials/EditorBrushMaterial.uasset" 559
"../../../Engine/Content/EditorMeshes/ColorCalibrator/SM_ColorCalibrator.uasset" 560
"../../../Engine/Content/EditorMeshes/ColorCalibrator/M_ChromeBall.uasset" 561
"../../../Engine/Content/EditorMeshes/ColorCalibrator/M_ClearCoat.uasset" 562
"../../../Engine/Content/EditorMeshes/ColorCalibrator/M_ClearCoatBlack.uasset" 563
"../../../Engine/Content/EditorMeshes/ColorCalibrator/M_ColorGrid.uasset" 564
"../../../Engine/Content/EditorMeshes/ColorCalibrator/T_ColorGrid.uasset" 565
"../../../Engine/Content/EditorMeshes/ColorCalibrator/M_GreyBall.uasset" 566
"../../../Engine/Content/MobileResources/HUD/DefaultVirtualJoysticks.uasset" 567
"../../../Engine/Content/MobileResources/HUD/VirtualJoystick_Background.uasset" 568
"C:/Users/Tmax/AppData/Local/UnrealEngine/Common/DerivedDataCache/6/2/7/TEXTURE_814DCC3DC72143F49509781513CB9855_AUTODXT_0FB5F6974A1E1974F02BDF98F97A7__A11E6ED288A5C9C5E553CE43FE45728ABBEF933A.udd" 569
"C:/Users/Tmax/AppData/Local/UnrealEngine/Common/DerivedDataCache/9/8/8/TEXTURE_814DCC3DC72143F49509781513CB9855_AUTODXT_0FB5F6974A1E1974F02BDF98F97A7__BE98BA959FA50D699EF6F3DC8801CC3DD788BC4B.udd" 570
"C:/Users/Tmax/AppData/Local/UnrealEngine/Common/DerivedDataCache/8/2/9/TEXTURE_814DCC3DC72143F49509781513CB9855_AUTODXT_0FB5F6974A1E1974F02BDF98F97A7__702B3488C4A8118A1FF835D4ACE6AC94E3674012.udd" 571
"C:/Users/Tmax/AppData/Local/UnrealEngine/Common/DerivedDataCache/9/7/1/TEXTURE_814DCC3DC72143F49509781513CB9855_AUTODXT_0FB5F6974A1E1974F02BDF98F97A7__DE0BDD4890599A154A315ED5EACCADF407B25B03.udd" 572
"C:/Users/Tmax/AppData/Local/UnrealEngine/Common/DerivedDataCache/7/7/0/TEXTURE_814DCC3DC72143F49509781513CB9855_AUTODXT_0FB5F6974A1E1974F02BDF98F97A7__345F7BA2E497068D5A9EEFC20381BFABD9602478.udd" 573
"C:/Users/Tmax/AppData/Local/UnrealEngine/Common/DerivedDataCache/9/8/5/TEXTURE_814DCC3DC72143F49509781513CB9855_AUTODXT_0FB5F6974A1E1974F02BDF98F97A7__8C2D5A49FB9B8D4C79D135B7272B0836F76DC28A.udd" 574
"C:/Users/Tmax/AppData/Local/UnrealEngine/Common/DerivedDataCache/4/5/3/TEXTURE_814DCC3DC72143F49509781513CB9855_AUTODXT_A3DB5DE64093EAD778E380B675001__26044AC63EDE5B72823857B3B8293FF58CDB07D1.udd" 575
"C:/Users/Tmax/AppData/Local/UnrealEngine/Common/DerivedDataCache/7/2/6/TEXTURE_814DCC3DC72143F49509781513CB9855_AUTODXT_A3DB5DE64093EAD778E380B675001__4391A10CC26AA4C4450E7B2CD2AEC0C8A5173452.udd" 576
"C:/Users/Tmax/AppData/Local/UnrealEngine/Common/DerivedDataCache/2/5/9/TEXTURE_814DCC3DC72143F49509781513CB9855_AUTODXT_A3DB5DE64093EAD778E380B675001__6C6F55C709D2C6D80259E91B165FF0DD201E8414.udd" 577
"C:/Users/Tmax/AppData/Local/UnrealEngine/Common/DerivedDataCache/8/6/9/TEXTURE_814DCC3DC72143F49509781513CB9855_AUTODXT_A3DB5DE64093EAD778E380B675001__472D707A7B0E529368F4E14ACA7E1BDEFAF3278C.udd" 578
"C:/Users/Tmax/AppData/Local/UnrealEngine/Common/DerivedDataCache/6/6/3/TEXTURE_814DCC3DC72143F49509781513CB9855_AUTODXT_A3DB5DE64093EAD778E380B675001__9E6D38A40922F5A1400995BEF8AB2BB72102E08E.udd" 579
"C:/Users/Tmax/AppData/Local/UnrealEngine/Common/DerivedDataCache/9/2/9/TEXTURE_814DCC3DC72143F49509781513CB9855_AUTODXT_A3DB5DE64093EAD778E380B675001__8549BBC3C19930FB5DB1555B9B25836589078D63.udd" 580
"C:/Users/Tmax/AppData/Local/UnrealEngine/Common/DerivedDataCache/9/2/4/TEXTURE_814DCC3DC72143F49509781513CB9855_BC5_953E836541FD413A56AE28B92BC05FD4___382725BB370E3BD860556FDB5E8BA88FF17B105F.udd" 581
"C:/Users/Tmax/AppData/Local/UnrealEngine/Common/DerivedDataCache/5/6/4/TEXTURE_814DCC3DC72143F49509781513CB9855_BC5_953E836541FD413A56AE28B92BC05FD4___E459626E63ED45EF561A856BABEAE27A84746866.udd" 582
"C:/Users/Tmax/AppData/Local/UnrealEngine/Common/DerivedDataCache/7/1/8/TEXTURE_814DCC3DC72143F49509781513CB9855_BC5_953E836541FD413A56AE28B92BC05FD4___0D07BA7E0DD518C73916733CF297FC9510B3F16D.udd" 583
"C:/Users/Tmax/AppData/Local/UnrealEngine/Common/DerivedDataCache/9/1/0/TEXTURE_814DCC3DC72143F49509781513CB9855_BC5_953E836541FD413A56AE28B92BC05FD4___D4735834DC35101E223B6ED198367AF339378B4F.udd" 584
"C:/Users/Tmax/AppData/Local/UnrealEngine/Common/DerivedDataCache/8/0/0/TEXTURE_814DCC3DC72143F49509781513CB9855_BC5_953E836541FD413A56AE28B92BC05FD4___3AC301F275406FCA314BBE61C1954B9F2AE85579.udd" 585
"C:/Users/Tmax/AppData/Local/UnrealEngine/Common/DerivedDataCache/4/9/1/TEXTURE_814DCC3DC72143F49509781513CB9855_BC5_953E836541FD413A56AE28B92BC05FD4___87B94521736ABA8A26F8F28B88597DA69B20E433.udd" 586
"C:/Users/Tmax/AppData/Local/UnrealEngine/Common/DerivedDataCache/9/9/7/TEXTURE_814DCC3DC72143F49509781513CB9855_AUTODXT_2017B2844E73794305F653A650C69__7F617C08B2D2528400D04674FE32A4764DB1E952.udd" 587
"C:/Users/Tmax/AppData/Local/UnrealEngine/Common/DerivedDataCache/3/0/3/TEXTURE_814DCC3DC72143F49509781513CB9855_AUTODXT_2017B2844E73794305F653A650C69__641C8549023453AB18C896AF63C31C35BE403A7E.udd" 588
"C:/Users/Tmax/AppData/Local/UnrealEngine/Common/DerivedDataCache/0/2/8/TEXTURE_814DCC3DC72143F49509781513CB9855_AUTODXT_2017B2844E73794305F653A650C69__91D9C6073DD219B1D8AAF48A39ADCC527ADFD30B.udd" 589
"C:/Users/Tmax/AppData/Local/UnrealEngine/Common/DerivedDataCache/1/1/9/TEXTURE_814DCC3DC72143F49509781513CB9855_AUTODXT_2017B2844E73794305F653A650C69__C56B9D8AC9F2B732716BD40F20B367B48221A903.udd" 590
"C:/Users/Tmax/AppData/Local/UnrealEngine/Common/DerivedDataCache/7/9/7/TEXTURE_814DCC3DC72143F49509781513CB9855_AUTODXT_2017B2844E73794305F653A650C69__F862E2E86DBA538AC62528D3524DECCB3FCF3820.udd" 591
"C:/Users/Tmax/AppData/Local/UnrealEngine/Common/DerivedDataCache/1/5/4/TEXTURE_814DCC3DC72143F49509781513CB9855_AUTODXT_2017B2844E73794305F653A650C69__EAA26B8EB682777BED97FB7367DE874D5B7E4960.udd" 592
"C:/Users/Tmax/AppData/Local/UnrealEngine/Common/DerivedDataCache/3/3/6/TEXTURE_814DCC3DC72143F49509781513CB9855_AUTODXT_2017B2844E73794305F653A650C69__150D3872B1AE76CDCB133E41F26B2C015ECC4A8C.udd" 593
"C:/Users/Tmax/AppData/Local/UnrealEngine/Common/DerivedDataCache/9/2/9/TEXTURE_814DCC3DC72143F49509781513CB9855_AUTODXT_A9C874E34669896B26D38399D263C__4967D45E82D5D05F51180D8DA04787A7CD734A31.udd" 594
"C:/Users/Tmax/AppData/Local/UnrealEngine/Common/DerivedDataCache/3/2/8/TEXTURE_814DCC3DC72143F49509781513CB9855_AUTODXT_A9C874E34669896B26D38399D263C__B0DD00948AD4E909D8DC3011E4CFCDBDC2CBDC66.udd" 595
"C:/Users/Tmax/AppData/Local/UnrealEngine/Common/DerivedDataCache/4/6/6/TEXTURE_814DCC3DC72143F49509781513CB9855_AUTODXT_A9C874E34669896B26D38399D263C__FD058BFB71D3398CA10D9CF4EBFBF66F61085210.udd" 596
"C:/Users/Tmax/AppData/Local/UnrealEngine/Common/DerivedDataCache/8/0/6/TEXTURE_814DCC3DC72143F49509781513CB9855_AUTODXT_A9C874E34669896B26D38399D263C__3FB24AEA7AE12413913B53BECDB91A0963BD1A14.udd" 597
"C:/Users/Tmax/AppData/Local/UnrealEngine/Common/DerivedDataCache/5/9/0/TEXTURE_814DCC3DC72143F49509781513CB9855_AUTODXT_A9C874E34669896B26D38399D263C__F426050616A6D89D38B0CDA38F9D6524FA4A05B7.udd" 598
"C:/Users/Tmax/AppData/Local/UnrealEngine/Common/DerivedDataCache/4/5/3/TEXTURE_814DCC3DC72143F49509781513CB9855_AUTODXT_A9C874E34669896B26D38399D263C__E6D3EE70FEF71AE534C4D7568AAE42DDC7D9A90D.udd" 599
"C:/Users/Tmax/AppData/Local/UnrealEngine/Common/DerivedDataCache/7/5/5/TEXTURE_814DCC3DC72143F49509781513CB9855_AUTODXT_A9C874E34669896B26D38399D263C__F9601B59F83E26026F698655D134920ABF883D1B.udd" 600
"C:/Users/Tmax/AppData/Local/UnrealEngine/Common/DerivedDataCache/7/7/2/TEXTURE_814DCC3DC72143F49509781513CB9855_AUTODXT_315FAD6D4390607D259D4CBB02149__D88DBC5C48D5B5A27DCDD4DA341F7176C591A5FB.udd" 601
"C:/Users/Tmax/AppData/Local/UnrealEngine/Common/DerivedDataCache/0/7/2/TEXTURE_814DCC3DC72143F49509781513CB9855_AUTODXT_315FAD6D4390607D259D4CBB02149__B3E8551A7C8AE3BB624F7403BBB940E8E2B28322.udd" 602
"C:/Users/Tmax/AppData/Local/UnrealEngine/Common/DerivedDataCache/4/8/1/TEXTURE_814DCC3DC72143F49509781513CB9855_AUTODXT_315FAD6D4390607D259D4CBB02149__EB4BF6094A952123C8F94095BB951C84F950EFD9.udd" 603
"C:/Users/Tmax/AppData/Local/UnrealEngine/Common/DerivedDataCache/8/1/6/TEXTURE_814DCC3DC72143F49509781513CB9855_AUTODXT_315FAD6D4390607D259D4CBB02149__2E8D1FA22811FB07EA77E0A1602173D96E062591.udd" 604
"C:/Users/Tmax/AppData/Local/UnrealEngine/Common/DerivedDataCache/9/4/6/TEXTURE_814DCC3DC72143F49509781513CB9855_AUTODXT_315FAD6D4390607D259D4CBB02149__0961CA06BF1893FDAB622FCD733E1DB2470687BB.udd" 605
"C:/Users/Tmax/AppData/Local/UnrealEngine/Common/DerivedDataCache/4/5/7/TEXTURE_814DCC3DC72143F49509781513CB9855_AUTODXT_315FAD6D4390607D259D4CBB02149__E8DA98BA3C8173D4702B70CA2E9187F915D75E23.udd" 606
"C:/Users/Tmax/AppData/Local/UnrealEngine/Common/DerivedDataCache/9/5/0/TEXTURE_814DCC3DC72143F49509781513CB9855_BC5_7F4970AF407237B338721894AC7C55A6___B8E76038B1FAF49B2983EFFD6E7B86CBF6237101.udd" 607
"C:/Users/Tmax/AppData/Local/UnrealEngine/Common/DerivedDataCache/5/8/3/TEXTURE_814DCC3DC72143F49509781513CB9855_BC5_7F4970AF407237B338721894AC7C55A6___AD36A6067FB8A01F31F3AF4C8946399C517CF391.udd" 608
"C:/Users/Tmax/AppData/Local/UnrealEngine/Common/DerivedDataCache/6/9/8/TEXTURE_814DCC3DC72143F49509781513CB9855_BC5_7F4970AF407237B338721894AC7C55A6___4860EF7BC752CBE02CCB2705BF8CB48A698E4BD9.udd" 609
"C:/Users/Tmax/AppData/Local/UnrealEngine/Common/DerivedDataCache/3/4/4/TEXTURE_814DCC3DC72143F49509781513CB9855_BC5_7F4970AF407237B338721894AC7C55A6___5A0BB6E1D372F839D324E10225DE8469984B21FA.udd" 610
"C:/Users/Tmax/AppData/Local/UnrealEngine/Common/DerivedDataCache/3/2/5/TEXTURE_814DCC3DC72143F49509781513CB9855_BC5_7F4970AF407237B338721894AC7C55A6___4A2C3032BACEEE299B3642FEDA89B93B1EE78D43.udd" 611
"C:/Users/Tmax/AppData/Local/UnrealEngine/Common/DerivedDataCache/8/3/7/TEXTURE_814DCC3DC72143F49509781513CB9855_BC5_7F4970AF407237B338721894AC7C55A6___F3E2FBA30778DC84BB0F5ED8A50653CF9CD5C95F.udd" 612
"C:/Users/Tmax/AppData/Local/UnrealEngine/Common/DerivedDataCache/8/7/9/TEXTURE_814DCC3DC72143F49509781513CB9855_BGRA8_6160FE5F4633CE56368CA093BB5E41F__04E13BFA517281BFE7EB50116FD59CC66F834974.udd" 613
"C:/Users/Tmax/AppData/Local/UnrealEngine/Common/DerivedDataCache/1/8/9/TEXTURE_814DCC3DC72143F49509781513CB9855_BGRA8_6160FE5F4633CE56368CA093BB5E41F__5763D4ADECB09A19E59091F66BD192D841BF85D1.udd" 614
"C:/Users/Tmax/AppData/Local/UnrealEngine/Common/DerivedDataCache/7/8/5/TEXTURE_814DCC3DC72143F49509781513CB9855_BGRA8_6160FE5F4633CE56368CA093BB5E41F__1174525672C214667D24328E55D32224A1C6114F.udd" 615
"C:/Users/Tmax/AppData/Local/UnrealEngine/Common/DerivedDataCache/3/3/6/TEXTURE_814DCC3DC72143F49509781513CB9855_BGRA8_6160FE5F4633CE56368CA093BB5E41F__FB50167897D02F731D2410320CCACF33CD8AFE77.udd" 616
"C:/Users/Tmax/AppData/Local/UnrealEngine/Common/DerivedDataCache/4/8/8/TEXTURE_814DCC3DC72143F49509781513CB9855_AUTODXT_4D1374824EC1339D06A5EEBD9E37A__F7B117126AB761AA7EA946E18669A13F214AE3D2.udd" 617
"C:/Users/Tmax/AppData/Local/UnrealEngine/Common/DerivedDataCache/3/3/1/TEXTURE_814DCC3DC72143F49509781513CB9855_AUTODXT_4D1374824EC1339D06A5EEBD9E37A__5DBB8CCD437B35F80858B79D96FDC2BE85DE032D.udd" 618
"C:/Users/Tmax/AppData/Local/UnrealEngine/Common/DerivedDataCache/1/3/0/TEXTURE_814DCC3DC72143F49509781513CB9855_AUTODXT_4D1374824EC1339D06A5EEBD9E37A__38158E3A0518D7078AE589BCC16F2FFC9C8777AB.udd" 619
"C:/Users/Tmax/AppData/Local/UnrealEngine/Common/DerivedDataCache/4/2/0/TEXTURE_814DCC3DC72143F49509781513CB9855_AUTODXT_4D1374824EC1339D06A5EEBD9E37A__D31807E26CB1A21CE9A63AFD813DC32F19BA862B.udd" 620
"C:/Users/Tmax/AppData/Local/UnrealEngine/Common/DerivedDataCache/1/2/0/TEXTURE_814DCC3DC72143F49509781513CB9855_AUTODXT_4D1374824EC1339D06A5EEBD9E37A__EA41D3FA9A684018B004E7C55DEDC341ABD0EF20.udd" 621
"C:/Users/Tmax/AppData/Local/UnrealEngine/Common/DerivedDataCache/8/0/5/TEXTURE_814DCC3DC72143F49509781513CB9855_AUTODXT_4D1374824EC1339D06A5EEBD9E37A__6104245E18A328BD11AE3BC69F37D0176DB21997.udd" 622
"C:/Users/Tmax/AppData/Local/UnrealEngine/Common/DerivedDataCache/4/9/0/TEXTURE_814DCC3DC72143F49509781513CB9855_BC5_0DABF3BE4A6A8F625DFAFDAD977CA77A___3E9FB6A43D6FCDECB38330BE3784CAD88281BA18.udd" 623
"C:/Users/Tmax/AppData/Local/UnrealEngine/Common/DerivedDataCache/1/9/3/TEXTURE_814DCC3DC72143F49509781513CB9855_BC5_0DABF3BE4A6A8F625DFAFDAD977CA77A___668E0A9304D7DCE3BCD8EA51EE746D81F1236681.udd" 624
"C:/Users/Tmax/AppData/Local/UnrealEngine/Common/DerivedDataCache/4/7/9/TEXTURE_814DCC3DC72143F49509781513CB9855_BC5_0DABF3BE4A6A8F625DFAFDAD977CA77A___47F9858ECB7B24E496217985BE45708EE7A1D51E.udd" 625
"C:/Users/Tmax/AppData/Local/UnrealEngine/Common/DerivedDataCache/0/3/2/TEXTURE_814DCC3DC72143F49509781513CB9855_BC5_0DABF3BE4A6A8F625DFAFDAD977CA77A___0B8CB7F6E76602F8723E32D90A9FD1E79713D24D.udd" 626
"C:/Users/Tmax/AppData/Local/UnrealEngine/Common/DerivedDataCache/2/4/4/TEXTURE_814DCC3DC72143F49509781513CB9855_BC5_0DABF3BE4A6A8F625DFAFDAD977CA77A___A5FAD70A3B307936EFFCF23930704256F7E25A2F.udd" 627
"C:/Users/Tmax/AppData/Local/UnrealEngine/Common/DerivedDataCache/7/1/1/TEXTURE_814DCC3DC72143F49509781513CB9855_BC5_0DABF3BE4A6A8F625DFAFDAD977CA77A___CC0DB5C49F2BA771BFDE3E22FCBEF007087628AE.udd" 628
"C:/Users/Tmax/AppData/Local/UnrealEngine/Common/DerivedDataCache/8/8/5/TEXTURE_814DCC3DC72143F49509781513CB9855_DXT1_655D545E4F2053C8BF8B5CB32D38AED3__096A4BE7EEC910DD9C612B787D256747031860AD.udd" 629
"C:/Users/Tmax/AppData/Local/UnrealEngine/Common/DerivedDataCache/8/0/1/TEXTURE_814DCC3DC72143F49509781513CB9855_DXT1_655D545E4F2053C8BF8B5CB32D38AED3__C8D96FC94617D09B466089B8CCF1C5667A73B1E9.udd" 630
"C:/Users/Tmax/AppData/Local/UnrealEngine/Common/DerivedDataCache/0/7/7/TEXTURE_814DCC3DC72143F49509781513CB9855_DXT1_655D545E4F2053C8BF8B5CB32D38AED3__55176F1C899CA372E319381F3531F7EB1D7882E1.udd" 631
"C:/Users/Tmax/AppData/Local/UnrealEngine/Common/DerivedDataCache/2/1/1/TEXTURE_814DCC3DC72143F49509781513CB9855_DXT1_655D545E4F2053C8BF8B5CB32D38AED3__B89A801292B57490895F3D0BFB0C125CC88270F1.udd" 632
"C:/Users/Tmax/AppData/Local/UnrealEngine/Common/DerivedDataCache/3/9/3/TEXTURE_814DCC3DC72143F49509781513CB9855_BC5_0DB1386840D52A45327D7FAEBB42E638___E37EDEC3EBB01791722A1AD911CA52C77630200D.udd" 633
"C:/Users/Tmax/AppData/Local/UnrealEngine/Common/DerivedDataCache/3/5/6/TEXTURE_814DCC3DC72143F49509781513CB9855_BC5_0DB1386840D52A45327D7FAEBB42E638___77075439E7B32DD80E54FFE1ECE2408B17104FCA.udd" 634
"C:/Users/Tmax/AppData/Local/UnrealEngine/Common/DerivedDataCache/7/6/1/TEXTURE_814DCC3DC72143F49509781513CB9855_BC5_0DB1386840D52A45327D7FAEBB42E638___E17C23DC5322473FD3E3848854DD456303CC05E6.udd" 635
"C:/Users/Tmax/AppData/Local/UnrealEngine/Common/DerivedDataCache/2/0/4/TEXTURE_814DCC3DC72143F49509781513CB9855_BC5_0DB1386840D52A45327D7FAEBB42E638___C281E3488D4B3B41B4B0517185185E1AB64B459E.udd" 636
"C:/Users/Tmax/AppData/Local/UnrealEngine/Common/DerivedDataCache/4/9/6/TEXTURE_814DCC3DC72143F49509781513CB9855_DXT1_833117354EAEAA713F0946BF0BC48B17__EB3A440F78D412A264F8CF802C15A9C6B5EA5F72.udd" 637
"C:/Users/Tmax/AppData/Local/UnrealEngine/Common/DerivedDataCache/5/1/1/TEXTURE_814DCC3DC72143F49509781513CB9855_DXT1_833117354EAEAA713F0946BF0BC48B17__8449C2743D430F2B71A10E0A68D850546705E32E.udd" 638
"C:/Users/Tmax/AppData/Local/UnrealEngine/Common/DerivedDataCache/7/3/5/TEXTURE_814DCC3DC72143F49509781513CB9855_DXT1_833117354EAEAA713F0946BF0BC48B17__B78AE1ABC144311977866FC4B3D1C140C72B1A8A.udd" 639
"C:/Users/Tmax/AppData/Local/UnrealEngine/Common/DerivedDataCache/0/9/1/TEXTURE_814DCC3DC72143F49509781513CB9855_DXT1_833117354EAEAA713F0946BF0BC48B17__42607D1F828CA9F5CE3A42417E3FA3FD8EF954C3.udd" 640
"C:/Users/Tmax/AppData/Local/UnrealEngine/Common/DerivedDataCache/1/9/9/TEXTURE_814DCC3DC72143F49509781513CB9855_BC5_79768323498DD9B801C451B7A1CFBF00___CCD6E05ECAD5F0235F32C56F59ADDD9EF20BD78C.udd" 641
"C:/Users/Tmax/AppData/Local/UnrealEngine/Common/DerivedDataCache/4/8/3/TEXTURE_814DCC3DC72143F49509781513CB9855_BC5_79768323498DD9B801C451B7A1CFBF00___047ECB8D6558C12BDE51E64E0A764E54A888C6A1.udd" 642
"C:/Users/Tmax/AppData/Local/UnrealEngine/Common/DerivedDataCache/5/7/5/TEXTURE_814DCC3DC72143F49509781513CB9855_BC5_79768323498DD9B801C451B7A1CFBF00___579435DEF93BD27FB9394C680E47585BD2604483.udd" 643
"C:/Users/Tmax/AppData/Local/UnrealEngine/Common/DerivedDataCache/8/1/0/TEXTURE_814DCC3DC72143F49509781513CB9855_BC5_79768323498DD9B801C451B7A1CFBF00___FD1CB17123F06E371A94FB38BF9F273F17629837.udd" 644
"C:/Users/Tmax/AppData/Local/UnrealEngine/Common/DerivedDataCache/3/8/3/TEXTURE_814DCC3DC72143F49509781513CB9855_BC5_96B64D9C4BA70056DD03FB9C5C579350___80EA579238390FE84E9DA8C0404EAA6F38BE3EDF.udd" 645
"C:/Users/Tmax/AppData/Local/UnrealEngine/Common/DerivedDataCache/9/4/9/TEXTURE_814DCC3DC72143F49509781513CB9855_BC5_96B64D9C4BA70056DD03FB9C5C579350___6DB7AC949E1E15073B690EBB0292D4984ABB9E89.udd" 646
"C:/Users/Tmax/AppData/Local/UnrealEngine/Common/DerivedDataCache/3/2/5/TEXTURE_814DCC3DC72143F49509781513CB9855_BC5_96B64D9C4BA70056DD03FB9C5C579350___51820BF7125BC8ADA73F67F35EEE471566599C1A.udd" 647
"C:/Users/Tmax/AppData/Local/UnrealEngine/Common/DerivedDataCache/1/1/0/TEXTURE_814DCC3DC72143F49509781513CB9855_BC5_96B64D9C4BA70056DD03FB9C5C579350___4F51C2A2CBEFD6FAD8D67D833C52AC0EDE6CE636.udd" 648
"C:/Users/Tmax/AppData/Local/UnrealEngine/Common/DerivedDataCache/3/1/5/TEXTURE_814DCC3DC72143F49509781513CB9855_BC5_96B64D9C4BA70056DD03FB9C5C579350___C993D6B0463E5BE22A6312F1E8C1F367EF962063.udd" 649
"C:/Users/Tmax/AppData/Local/UnrealEngine/Common/DerivedDataCache/9/1/5/TEXTURE_814DCC3DC72143F49509781513CB9855_BC5_96B64D9C4BA70056DD03FB9C5C579350___456B2D34C009323539A89D242D676582440757CA.udd" 650
"C:/Users/Tmax/AppData/Local/UnrealEngine/Common/DerivedDataCache/3/3/2/TEXTURE_814DCC3DC72143F49509781513CB9855_AUTODXT_1ED776AD433B0CF640901994F35C6__8E2FC270A83530AAE29D3C869E69B22AFF7C1673.udd" 651
"C:/Users/Tmax/AppData/Local/UnrealEngine/Common/DerivedDataCache/5/9/1/TEXTURE_814DCC3DC72143F49509781513CB9855_AUTODXT_1ED776AD433B0CF640901994F35C6__B20642CDEA7F1FE87AC28BE218CE08CCB8FDF9B4.udd" 652
"C:/Users/Tmax/AppData/Local/UnrealEngine/Common/DerivedDataCache/0/7/7/TEXTURE_814DCC3DC72143F49509781513CB9855_AUTODXT_1ED776AD433B0CF640901994F35C6__F10C01D46FDBAD3F916A3BC64FEFCCF05A2111EE.udd" 653
"C:/Users/Tmax/AppData/Local/UnrealEngine/Common/DerivedDataCache/5/8/2/TEXTURE_814DCC3DC72143F49509781513CB9855_AUTODXT_1ED776AD433B0CF640901994F35C6__13E1F6957CCC93B6D7BABEAD1BDAA633CD58523C.udd" 654
"C:/Users/Tmax/AppData/Local/UnrealEngine/Common/DerivedDataCache/8/4/1/TEXTURE_814DCC3DC72143F49509781513CB9855_AUTODXT_1ED776AD433B0CF640901994F35C6__85B325AB2B0DC5F75C486658B166458BFC76B590.udd" 655
"C:/Users/Tmax/AppData/Local/UnrealEngine/Common/DerivedDataCache/3/7/2/TEXTURE_814DCC3DC72143F49509781513CB9855_DXT1_54BDB068447E7417A33810BFF365F509__93845248A2460ABD9CDA725D208F9D2A999EFE3B.udd" 656
"C:/Users/Tmax/AppData/Local/UnrealEngine/Common/DerivedDataCache/1/6/6/TEXTURE_814DCC3DC72143F49509781513CB9855_DXT1_54BDB068447E7417A33810BFF365F509__578A3FD72584C4806261DC17F1DF5E7FC4C10C5C.udd" 657
"C:/Users/Tmax/AppData/Local/UnrealEngine/Common/DerivedDataCache/2/4/8/TEXTURE_814DCC3DC72143F49509781513CB9855_DXT1_54BDB068447E7417A33810BFF365F509__5E4E6EC09C4BDE5D54B3885E4971DCDD559F9B25.udd" 658
"C:/Users/Tmax/AppData/Local/UnrealEngine/Common/DerivedDataCache/7/3/5/TEXTURE_814DCC3DC72143F49509781513CB9855_DXT1_54BDB068447E7417A33810BFF365F509__0B19BA814C3FBBCF63A76E96DFCA9C959169DFE2.udd" 659
"C:/Users/Tmax/AppData/Local/UnrealEngine/Common/DerivedDataCache/6/0/9/TEXTURE_814DCC3DC72143F49509781513CB9855_BC5_429594DB4BD9D6ABE8AB63B20DEF7756___19CCE0FD4B2FDF5E2EA4F6EAA40792C358182154.udd" 660
"C:/Users/Tmax/AppData/Local/UnrealEngine/Common/DerivedDataCache/6/8/1/TEXTURE_814DCC3DC72143F49509781513CB9855_BC5_429594DB4BD9D6ABE8AB63B20DEF7756___8CBE039F0D5D1A9A977134DBD727C12AD491F186.udd" 661
"C:/Users/Tmax/AppData/Local/UnrealEngine/Common/DerivedDataCache/4/7/2/TEXTURE_814DCC3DC72143F49509781513CB9855_BC5_429594DB4BD9D6ABE8AB63B20DEF7756___EDCC82382D15B78A237375D9D5431220FB8FF3C9.udd" 662
"C:/Users/Tmax/AppData/Local/UnrealEngine/Common/DerivedDataCache/9/3/2/TEXTURE_814DCC3DC72143F49509781513CB9855_BC5_429594DB4BD9D6ABE8AB63B20DEF7756___3896EE339C18D40C476DA5975F1B5536A301BCFC.udd" 663
"../../../Engine/Content/MobileResources/HUD/T_Castle_ThumbstickInner.uasset" 664
"../../../Engine/Content/MobileResources/HUD/MobileHUDDirectionPad3.uasset" 665
"../../../Engine/Content/MobileResources/HUD/MobileHUDButton2_on.uasset" 666
"../../../Engine/Content/MobileResources/HUD/MobileHUDButton1_on.uasset" 667
"../../../Engine/Content/MobileResources/HUD/LeftVirtualJoystickOnly.uasset" 668
"../../../Engine/Content/MobileResources/HUD/AnalogHat.uasset" 669
"../../../Engine/Content/MobileResources/T_MobileControls_texture.uasset" 670
"../../../Engine/Content/MobileResources/HUD/MobileHUDDirectionStick.uasset" 671
"../../../Engine/Content/MobileResources/HUD/MobileHUDDirectionPad.uasset" 672
"../../../Engine/Content/MobileResources/T_MobileMenu2.uasset" 673
"../../../Engine/Content/Maps/Entry.umap" 674
"../../../Engine/Content/EngineMaterials/DefaultNormal.uasset" 675
"C:/Users/Tmax/Documents/Unreal Projects/TwinStickShooter/Content/StarterContent/Materials/M_Brick_Clay_New.uasset" 676
"C:/Users/Tmax/Documents/Unreal Projects/TwinStickShooter/Content/StarterContent/Textures/T_Brick_Clay_New_D.uasset" 677
"C:/Users/Tmax/Documents/Unreal Projects/TwinStickShooter/Content/StarterContent/Textures/T_Brick_Clay_New_M.uasset" 678
"C:/Users/Tmax/Documents/Unreal Projects/TwinStickShooter/Content/StarterContent/Textures/T_Brick_Clay_New_N.uasset" 679
"C:/Users/Tmax/Documents/Unreal Projects/TwinStickShooter/Content/StarterContent/Textures/T_Detail_Rocky_N.uasset" 680
"C:/Users/Tmax/Documents/Unreal Projects/TwinStickShooter/Content/StarterContent/Textures/T_MacroVariation.uasset" 681
"C:/Users/Tmax/Documents/Unreal Projects/TwinStickShooter/Content/StarterContent/Materials/M_Concrete_Tiles.uasset" 682
"C:/Users/Tmax/Documents/Unreal Projects/TwinStickShooter/Content/StarterContent/Textures/T_Concrete_Tiles_D.uasset" 683
"C:/Users/Tmax/Documents/Unreal Projects/TwinStickShooter/Content/StarterContent/Textures/T_Concrete_Tiles_M.uasset" 684
"C:/Users/Tmax/Documents/Unreal Projects/TwinStickShooter/Content/StarterContent/Textures/T_Concrete_Tiles_N.uasset" 685
"C:/Users/Tmax/Documents/Unreal Projects/TwinStickShooter/Content/StarterContent/Textures/T_Concrete_Tiles_Variation_M.uasset" 686
"C:/Users/Tmax/Documents/Unreal Projects/TwinStickShooter/Content/StarterContent/HDRI/HDRI_Epic_Courtyard_Daylight.uasset" 687
"C:/Users/Tmax/AppData/Local/UnrealEngine/Common/DerivedDataCache/9/5/2/PHYSX_$7B1F0627AE$2DABEB$2D4206$2D8D78$2DE16BEB5DDC7E$7D_PHYSXPC_D6232CFF4B804D6A43386A87071A908B__1_0_13107_0.udd" 688
"C:/Users/Tmax/AppData/Local/UnrealEngine/Common/DerivedDataCache/1/5/0/PHYSX_$7B1F0627AE$2DABEB$2D4206$2D8D78$2DE16BEB5DDC7E$7D_PHYSXPC_C50660634DE595F6D57089B949684984__1_0_13107_0.udd" 689
"C:/Users/Tmax/AppData/Local/UnrealEngine/Common/DerivedDataCache/1/8/7/PHYSX_$7B1F0627AE$2DABEB$2D4206$2D8D78$2DE16BEB5DDC7E$7D_PHYSXPC_EFC2BEDF4AD8A7461D1FE5827462A566__1_0_13107_0.udd" 690
"C:/Users/Tmax/AppData/Local/UnrealEngine/Common/DerivedDataCache/8/7/3/PHYSX_$7B1F0627AE$2DABEB$2D4206$2D8D78$2DE16BEB5DDC7E$7D_PHYSXPC_A058AEE74C928711C28C89ABB3134F07__1_0_13107_0.udd" 691
"C:/Users/Tmax/AppData/Local/UnrealEngine/Common/DerivedDataCache/4/9/6/PHYSX_$7B1F0627AE$2DABEB$2D4206$2D8D78$2DE16BEB5DDC7E$7D_PHYSXPC_A66FF18A43E97E66291A32AAC9C19940__1_0_13107_0.udd" 692
"C:/Users/Tmax/AppData/Local/UnrealEngine/Common/DerivedDataCache/8/9/0/PHYSX_$7B1F0627AE$2DABEB$2D4206$2D8D78$2DE16BEB5DDC7E$7D_PHYSXPC_2FB1825043769394E48D43806BA50129__1_0_13107_0.udd" 693
"C:/Users/Tmax/AppData/Local/UnrealEngine/Common/DerivedDataCache/5/6/7/TEXTURE_814DCC3DC72143F49509781513CB9855_AUTODXT_FA4DFF8E45AFE32A1607819AE562F__776C5BE0E389BC7DE2C72EBCC13EB6991958E09E.udd" 694
"C:/Users/Tmax/AppData/Local/UnrealEngine/Common/DerivedDataCache/1/5/6/TEXTURE_814DCC3DC72143F49509781513CB9855_DXT1_9D167FE44827D070423306A12C057E85__9DCFD906842DCB2EAEFBBFCF6AFD1091FBAEEDFE.udd" 695
"C:/Users/Tmax/AppData/Local/UnrealEngine/Common/DerivedDataCache/4/3/3/TEXTURE_814DCC3DC72143F49509781513CB9855_AUTODXT_23D890F54027E5576362E6ACEE59A__EAD7467AD0BAEC876A2F341B1B2EEB3B92116576.udd" 696
"C:/Users/Tmax/AppData/Local/UnrealEngine/Common/DerivedDataCache/2/2/3/TEXTURE_814DCC3DC72143F49509781513CB9855_AUTODXT_FA4DFF8E45AFE32A1607819AE562F__FA6D8D3BC6487A632FD562C71119843D34F482FD.udd" 697
"C:/Users/Tmax/AppData/Local/UnrealEngine/Common/DerivedDataCache/8/7/8/TEXTURE_814DCC3DC72143F49509781513CB9855_DXT1_9D167FE44827D070423306A12C057E85__B3D3E426C12DD7700DE2955F8B7F38B8EEEF9777.udd" 698
"C:/Users/Tmax/AppData/Local/UnrealEngine/Common/DerivedDataCache/7/2/1/TEXTURE_814DCC3DC72143F49509781513CB9855_AUTODXT_23D890F54027E5576362E6ACEE59A__81E83A000FFAD66D79CC8A2D2D41DDA919E2C705.udd" 699
"C:/Users/Tmax/AppData/Local/UnrealEngine/Common/DerivedDataCache/9/7/3/TEXTURE_814DCC3DC72143F49509781513CB9855_AUTODXT_FA4DFF8E45AFE32A1607819AE562F__78C44C62DAC033549BE5AE673F65D9F105D210DB.udd" 700
"C:/Users/Tmax/AppData/Local/UnrealEngine/Common/DerivedDataCache/0/0/3/TEXTURE_814DCC3DC72143F49509781513CB9855_DXT1_9D167FE44827D070423306A12C057E85__9AD889EDD29635BCF285E2446D80ECF7BF2F0AD7.udd" 701
"C:/Users/Tmax/AppData/Local/UnrealEngine/Common/DerivedDataCache/1/1/1/TEXTURE_814DCC3DC72143F49509781513CB9855_AUTODXT_23D890F54027E5576362E6ACEE59A__3822DC82F001A7E767881EE88B62C5605875D21E.udd" 702
"C:/Users/Tmax/AppData/Local/UnrealEngine/Common/DerivedDataCache/1/2/5/TEXTURE_814DCC3DC72143F49509781513CB9855_AUTODXT_FA4DFF8E45AFE32A1607819AE562F__882F2999AEA49A1D68C607B180B9840B6B34299C.udd" 703
"C:/Users/Tmax/AppData/Local/UnrealEngine/Common/DerivedDataCache/4/6/4/TEXTURE_814DCC3DC72143F49509781513CB9855_DXT1_9D167FE44827D070423306A12C057E85__1FD938F38ED70C88A059FE11E8443D70745FFC86.udd" 704
"C:/Users/Tmax/AppData/Local/UnrealEngine/Common/DerivedDataCache/8/1/7/TEXTURE_814DCC3DC72143F49509781513CB9855_AUTODXT_23D890F54027E5576362E6ACEE59A__C1885A8847113A19B25DAB691D82E4125C2906BC.udd" 705
"C:/Users/Tmax/AppData/Local/UnrealEngine/Common/DerivedDataCache/6/0/3/TEXTURE_814DCC3DC72143F49509781513CB9855_BGRA8_A25D954843DE3B2D977910A557853C3__6AC606F3AF4D1798C52AE077018BDE4B91F120D2.udd" 706
"C:/Users/Tmax/AppData/Local/UnrealEngine/Common/DerivedDataCache/3/1/6/TEXTURE_814DCC3DC72143F49509781513CB9855_BGRA8_A25D954843DE3B2D977910A557853C3__F0B50B5CDF0A8DC7CA524759C220F0B4F0752F9E.udd" 707
"C:/Users/Tmax/AppData/Local/UnrealEngine/Common/DerivedDataCache/0/3/7/TEXTURE_814DCC3DC72143F49509781513CB9855_BGRA8_A25D954843DE3B2D977910A557853C3__C4DDFF9D4AF2AA51E025E2100C40E67965E6C2B2.udd" 708
"C:/Users/Tmax/AppData/Local/UnrealEngine/Common/DerivedDataCache/7/7/4/TEXTURE_814DCC3DC72143F49509781513CB9855_BGRA8_A25D954843DE3B2D977910A557853C3__C687860C396E7B6F79F9F9349FCCF433E1C4EF2F.udd" 709
"../../../Engine/Content/EditorResources/EmptyActor.uasset" 710
"../../../Engine/Content/MobileResources/HUD/T_Castle_ThumbstickOutter.uasset" 711
"../../../Engine/Content/MobileResources/HUD/MobileHUDButton3.uasset" 712
"../../../Engine/Content/MobileResources/HUD/MobileHUDButton1_off.uasset" 713
"../../../Engine/Content/MobileResources/HUD/MobileHUDButtonFire.uasset" 714
"../../../Engine/Content/MobileResources/HUD/MobileHUDDirectionPad2.uasset" 715
"../../../Engine/Content/MobileResources/HUD/MobileHUDButton2_off.uasset" 716
